[0.294s] Invoking command in '/home/dragonet/ros2/build/person_msgs': CMAKE_PREFIX_PATH=${CMAKE_PREFIX_PATH}:/home/dragonet/ros2_ws/install/mypkg:/opt/ros/foxy /usr/bin/cmake /home/dragonet/ros2/src/person_msgs -DCMAKE_INSTALL_PREFIX=/home/dragonet/ros2/install/person_msgs
[0.617s] -- The C compiler identification is GNU 9.4.0
[0.852s] -- The CXX compiler identification is GNU 9.4.0
[0.913s] -- Check for working C compiler: /usr/bin/cc
[1.015s] -- Check for working C compiler: /usr/bin/cc -- works
[1.017s] -- Detecting C compiler ABI info
[1.097s] -- Detecting C compiler ABI info - done
[1.105s] -- Detecting C compile features
[1.105s] -- Detecting C compile features - done
[1.108s] -- Check for working CXX compiler: /usr/bin/c++
[1.192s] -- Check for working CXX compiler: /usr/bin/c++ -- works
[1.193s] -- Detecting CXX compiler ABI info
[1.281s] -- Detecting CXX compiler ABI info - done
[1.288s] -- Detecting CXX compile features
[1.288s] -- Detecting CXX compile features - done
[1.298s] -- Found ament_cmake: 0.9.12 (/opt/ros/foxy/share/ament_cmake/cmake)
[1.322s] -- Found PythonInterp: /usr/bin/python3 (found suitable version "3.8.10", minimum required is "3") 
[1.322s] -- Using PYTHON_EXECUTABLE: /usr/bin/python3
[1.453s] -- Found rosidl_default_generators: 1.0.1 (/opt/ros/foxy/share/rosidl_default_generators/cmake)
[1.459s] -- Using all available rosidl_typesupport_c: rosidl_typesupport_fastrtps_c;rosidl_typesupport_introspection_c
[1.468s] -- Found rosidl_adapter: 1.3.1 (/opt/ros/foxy/share/rosidl_adapter/cmake)
[2.039s] -- Found OpenSSL: /usr/lib/x86_64-linux-gnu/libcrypto.so (found version "1.1.1f")  
[2.441s] -- Found FastRTPS: /opt/ros/foxy/include  
[3.144s] -- Using all available rosidl_typesupport_cpp: rosidl_typesupport_fastrtps_cpp;rosidl_typesupport_introspection_cpp
[3.182s] -- Found PythonInterp: /usr/bin/python3 (found version "3.8.10") 
[3.273s] -- Found ament_cmake_ros: 0.9.2 (/opt/ros/foxy/share/ament_cmake_ros/cmake)
[4.833s] -- Using all available rosidl_typesupport_c: rosidl_typesupport_fastrtps_c;rosidl_typesupport_introspection_c
[4.840s] -- Using all available rosidl_typesupport_cpp: rosidl_typesupport_fastrtps_cpp;rosidl_typesupport_introspection_cpp
[4.856s] -- Found PythonInterp: /usr/bin/python3 (found suitable version "3.8.10", minimum required is "3.5") 
[4.858s] -- Found python_cmake_module: 0.8.1 (/opt/ros/foxy/share/python_cmake_module/cmake)
[5.007s] -- Found PythonLibs: /usr/lib/x86_64-linux-gnu/libpython3.8.so (found suitable version "3.8.10", minimum required is "3.5") 
[5.007s] -- Using PYTHON_EXECUTABLE: /usr/bin/python3
[5.007s] -- Using PYTHON_INCLUDE_DIRS: /usr/include/python3.8
[5.007s] -- Using PYTHON_LIBRARIES: /usr/lib/x86_64-linux-gnu/libpython3.8.so
[5.020s] -- Found PythonExtra: .so  
[5.061s] -- Found ament_lint_auto: 0.9.8 (/opt/ros/foxy/share/ament_lint_auto/cmake)
[5.088s] -- Added test 'copyright' to check source files copyright and LICENSE
[5.091s] -- Added test 'lint_cmake' to check CMake code style
[5.092s] -- Added test 'xmllint' to check XML markup files
[5.096s] -- Configuring done
[5.119s] -- Generating done
[5.122s] -- Build files have been written to: /home/dragonet/ros2/build/person_msgs
[5.129s] Invoked command in '/home/dragonet/ros2/build/person_msgs' returned '0': CMAKE_PREFIX_PATH=${CMAKE_PREFIX_PATH}:/home/dragonet/ros2_ws/install/mypkg:/opt/ros/foxy /usr/bin/cmake /home/dragonet/ros2/src/person_msgs -DCMAKE_INSTALL_PREFIX=/home/dragonet/ros2/install/person_msgs
[5.130s] Invoking command in '/home/dragonet/ros2/build/person_msgs': CMAKE_PREFIX_PATH=${CMAKE_PREFIX_PATH}:/home/dragonet/ros2_ws/install/mypkg:/opt/ros/foxy /usr/bin/cmake --build /home/dragonet/ros2/build/person_msgs -- -j8 -l8
[5.155s] [35m[1mScanning dependencies of target person_msgs__cpp[0m
[5.155s] [  3%] [34m[1mGenerating C code for ROS interfaces[0m
[5.166s] [  6%] [34m[1mGenerating C++ code for ROS interfaces[0m
[5.322s] [35m[1mScanning dependencies of target person_msgs__rosidl_generator_c[0m
[5.330s] [  6%] Built target person_msgs__cpp
[5.339s] [  9%] [32mBuilding C object CMakeFiles/person_msgs__rosidl_generator_c.dir/rosidl_generator_c/person_msgs/msg/detail/person__functions.c.o[0m
[5.339s] [ 12%] [34m[1mGenerating C++ introspection for ROS interfaces[0m
[5.339s] [ 16%] [34m[1mGenerating C++ type support for eProsima Fast-RTPS[0m
[5.340s] [ 19%] [34m[1mGenerating C++ type support dispatch for ROS interfaces[0m
[5.419s] [ 22%] [32m[1mLinking C shared library libperson_msgs__rosidl_generator_c.so[0m
[5.483s] [ 22%] Built target person_msgs__rosidl_generator_c
[5.491s] [ 25%] [34m[1mGenerating C introspection for ROS interfaces[0m
[5.491s] [ 29%] [34m[1mGenerating C type support dispatch for ROS interfaces[0m
[5.509s] [35m[1mScanning dependencies of target person_msgs__rosidl_typesupport_cpp[0m
[5.523s] [ 32%] [32mBuilding CXX object CMakeFiles/person_msgs__rosidl_typesupport_cpp.dir/rosidl_typesupport_cpp/person_msgs/msg/person__type_support.cpp.o[0m
[5.556s] [35m[1mScanning dependencies of target person_msgs__rosidl_typesupport_introspection_cpp[0m
[5.562s] [35m[1mScanning dependencies of target person_msgs__rosidl_typesupport_fastrtps_cpp[0m
[5.569s] [ 35%] [32mBuilding CXX object CMakeFiles/person_msgs__rosidl_typesupport_introspection_cpp.dir/rosidl_typesupport_introspection_cpp/person_msgs/msg/detail/person__type_support.cpp.o[0m
[5.581s] [ 38%] [32mBuilding CXX object CMakeFiles/person_msgs__rosidl_typesupport_fastrtps_cpp.dir/rosidl_typesupport_fastrtps_cpp/person_msgs/msg/detail/dds_fastrtps/person__type_support.cpp.o[0m
[5.683s] [35m[1mScanning dependencies of target person_msgs__rosidl_typesupport_c[0m
[5.683s] [35m[1mScanning dependencies of target person_msgs__rosidl_typesupport_introspection_c[0m
[5.694s] [ 45%] [32mBuilding C object CMakeFiles/person_msgs__rosidl_typesupport_introspection_c.dir/rosidl_typesupport_introspection_c/person_msgs/msg/detail/person__type_support.c.o[0m
[5.695s] [ 45%] [32mBuilding CXX object CMakeFiles/person_msgs__rosidl_typesupport_c.dir/rosidl_typesupport_c/person_msgs/msg/person__type_support.cpp.o[0m
[5.728s] [ 51%] [32m[1mLinking CXX shared library libperson_msgs__rosidl_typesupport_c.so[0m
[5.728s] [ 51%] [32m[1mLinking C shared library libperson_msgs__rosidl_typesupport_introspection_c.so[0m
[5.781s] [ 51%] Built target person_msgs__rosidl_typesupport_introspection_c
[5.788s] [ 51%] Built target person_msgs__rosidl_typesupport_c
[5.841s] [ 54%] [32m[1mLinking CXX shared library libperson_msgs__rosidl_typesupport_introspection_cpp.so[0m
[5.868s] [ 58%] [32m[1mLinking CXX shared library libperson_msgs__rosidl_typesupport_cpp.so[0m
[5.917s] [ 58%] Built target person_msgs__rosidl_typesupport_introspection_cpp
[5.930s] [ 58%] Built target person_msgs__rosidl_typesupport_cpp
[5.948s] [ 61%] [32m[1mLinking CXX shared library libperson_msgs__rosidl_typesupport_fastrtps_cpp.so[0m
[6.035s] [ 61%] Built target person_msgs__rosidl_typesupport_fastrtps_cpp
[6.044s] [ 64%] [34m[1mGenerating C type support for eProsima Fast-RTPS[0m
[6.181s] [35m[1mScanning dependencies of target person_msgs__rosidl_typesupport_fastrtps_c[0m
[6.193s] [ 67%] [32mBuilding CXX object CMakeFiles/person_msgs__rosidl_typesupport_fastrtps_c.dir/rosidl_typesupport_fastrtps_c/person_msgs/msg/detail/person__type_support_c.cpp.o[0m
[6.402s] [ 70%] [32m[1mLinking CXX shared library libperson_msgs__rosidl_typesupport_fastrtps_c.so[0m
[6.483s] [ 70%] Built target person_msgs__rosidl_typesupport_fastrtps_c
[6.490s] [35m[1mScanning dependencies of target person_msgs[0m
[6.499s] [ 70%] Built target person_msgs
[6.505s] [35m[1mScanning dependencies of target person_msgs__py[0m
[6.512s] [ 74%] [34m[1mGenerating Python code for ROS interfaces[0m
[6.835s] [ 74%] Built target person_msgs__py
[6.843s] [35m[1mScanning dependencies of target person_msgs__python[0m
[6.882s] [ 77%] [32mBuilding C object CMakeFiles/person_msgs__python.dir/rosidl_generator_py/person_msgs/msg/_person_s.c.o[0m
[6.953s] [ 80%] [32m[1mLinking C shared library rosidl_generator_py/person_msgs/libperson_msgs__python.so[0m
[7.012s] [ 80%] Built target person_msgs__python
[7.019s] [35m[1mScanning dependencies of target person_msgs__rosidl_typesupport_fastrtps_c__pyext[0m
[7.019s] [35m[1mScanning dependencies of target person_msgs__rosidl_typesupport_c__pyext[0m
[7.019s] [35m[1mScanning dependencies of target person_msgs__rosidl_typesupport_introspection_c__pyext[0m
[7.032s] [ 83%] [32mBuilding C object CMakeFiles/person_msgs__rosidl_typesupport_c__pyext.dir/rosidl_generator_py/person_msgs/_person_msgs_s.ep.rosidl_typesupport_c.c.o[0m
[7.032s] [ 87%] [32mBuilding C object CMakeFiles/person_msgs__rosidl_typesupport_introspection_c__pyext.dir/rosidl_generator_py/person_msgs/_person_msgs_s.ep.rosidl_typesupport_introspection_c.c.o[0m
[7.032s] [ 90%] [32mBuilding C object CMakeFiles/person_msgs__rosidl_typesupport_fastrtps_c__pyext.dir/rosidl_generator_py/person_msgs/_person_msgs_s.ep.rosidl_typesupport_fastrtps_c.c.o[0m
[7.087s] [ 93%] [32m[1mLinking C shared library rosidl_generator_py/person_msgs/person_msgs_s__rosidl_typesupport_c.cpython-38-x86_64-linux-gnu.so[0m
[7.094s] [ 96%] [32m[1mLinking C shared library rosidl_generator_py/person_msgs/person_msgs_s__rosidl_typesupport_introspection_c.cpython-38-x86_64-linux-gnu.so[0m
[7.096s] [100%] [32m[1mLinking CXX shared library rosidl_generator_py/person_msgs/person_msgs_s__rosidl_typesupport_fastrtps_c.cpython-38-x86_64-linux-gnu.so[0m
[7.146s] [100%] Built target person_msgs__rosidl_typesupport_c__pyext
[7.149s] [100%] Built target person_msgs__rosidl_typesupport_introspection_c__pyext
[7.178s] [100%] Built target person_msgs__rosidl_typesupport_fastrtps_c__pyext
[7.188s] Invoked command in '/home/dragonet/ros2/build/person_msgs' returned '0': CMAKE_PREFIX_PATH=${CMAKE_PREFIX_PATH}:/home/dragonet/ros2_ws/install/mypkg:/opt/ros/foxy /usr/bin/cmake --build /home/dragonet/ros2/build/person_msgs -- -j8 -l8
[7.231s] Invoking command in '/home/dragonet/ros2/build/person_msgs': CMAKE_PREFIX_PATH=${CMAKE_PREFIX_PATH}:/home/dragonet/ros2_ws/install/mypkg:/opt/ros/foxy /usr/bin/cmake --install /home/dragonet/ros2/build/person_msgs
[7.236s] -- Install configuration: ""
[7.237s] -- Installing: /home/dragonet/ros2/install/person_msgs/share/ament_index/resource_index/rosidl_interfaces/person_msgs
[7.237s] -- Installing: /home/dragonet/ros2/install/person_msgs/include/person_msgs
[7.237s] -- Installing: /home/dragonet/ros2/install/person_msgs/include/person_msgs/msg
[7.237s] -- Installing: /home/dragonet/ros2/install/person_msgs/include/person_msgs/msg/person.h
[7.237s] -- Installing: /home/dragonet/ros2/install/person_msgs/include/person_msgs/msg/rosidl_generator_c__visibility_control.h
[7.237s] -- Installing: /home/dragonet/ros2/install/person_msgs/include/person_msgs/msg/detail
[7.237s] -- Installing: /home/dragonet/ros2/install/person_msgs/include/person_msgs/msg/detail/person__functions.c
[7.237s] -- Installing: /home/dragonet/ros2/install/person_msgs/include/person_msgs/msg/detail/person__type_support.h
[7.238s] -- Installing: /home/dragonet/ros2/install/person_msgs/include/person_msgs/msg/detail/person__functions.h
[7.238s] -- Installing: /home/dragonet/ros2/install/person_msgs/include/person_msgs/msg/detail/person__struct.h
[7.238s] -- Installing: /home/dragonet/ros2/install/person_msgs/share/person_msgs/environment/library_path.sh
[7.238s] -- Installing: /home/dragonet/ros2/install/person_msgs/share/person_msgs/environment/library_path.dsv
[7.238s] -- Installing: /home/dragonet/ros2/install/person_msgs/lib/libperson_msgs__rosidl_generator_c.so
[7.238s] -- Set runtime path of "/home/dragonet/ros2/install/person_msgs/lib/libperson_msgs__rosidl_generator_c.so" to ""
[7.238s] -- Up-to-date: /home/dragonet/ros2/install/person_msgs/include/person_msgs
[7.238s] -- Up-to-date: /home/dragonet/ros2/install/person_msgs/include/person_msgs/msg
[7.238s] -- Installing: /home/dragonet/ros2/install/person_msgs/include/person_msgs/msg/rosidl_typesupport_fastrtps_c__visibility_control.h
[7.238s] -- Up-to-date: /home/dragonet/ros2/install/person_msgs/include/person_msgs/msg/detail
[7.239s] -- Installing: /home/dragonet/ros2/install/person_msgs/include/person_msgs/msg/detail/person__rosidl_typesupport_fastrtps_c.h
[7.239s] -- Installing: /home/dragonet/ros2/install/person_msgs/lib/libperson_msgs__rosidl_typesupport_fastrtps_c.so
[7.239s] -- Set runtime path of "/home/dragonet/ros2/install/person_msgs/lib/libperson_msgs__rosidl_typesupport_fastrtps_c.so" to ""
[7.239s] -- Up-to-date: /home/dragonet/ros2/install/person_msgs/include/person_msgs
[7.239s] -- Up-to-date: /home/dragonet/ros2/install/person_msgs/include/person_msgs/msg
[7.239s] -- Installing: /home/dragonet/ros2/install/person_msgs/include/person_msgs/msg/rosidl_typesupport_fastrtps_cpp__visibility_control.h
[7.239s] -- Up-to-date: /home/dragonet/ros2/install/person_msgs/include/person_msgs/msg/detail
[7.240s] -- Installing: /home/dragonet/ros2/install/person_msgs/include/person_msgs/msg/detail/dds_fastrtps
[7.240s] -- Installing: /home/dragonet/ros2/install/person_msgs/include/person_msgs/msg/detail/person__rosidl_typesupport_fastrtps_cpp.hpp
[7.240s] -- Installing: /home/dragonet/ros2/install/person_msgs/lib/libperson_msgs__rosidl_typesupport_fastrtps_cpp.so
[7.240s] -- Set runtime path of "/home/dragonet/ros2/install/person_msgs/lib/libperson_msgs__rosidl_typesupport_fastrtps_cpp.so" to ""
[7.240s] -- Up-to-date: /home/dragonet/ros2/install/person_msgs/include/person_msgs
[7.240s] -- Up-to-date: /home/dragonet/ros2/install/person_msgs/include/person_msgs/msg
[7.240s] -- Installing: /home/dragonet/ros2/install/person_msgs/include/person_msgs/msg/rosidl_typesupport_introspection_c__visibility_control.h
[7.240s] -- Up-to-date: /home/dragonet/ros2/install/person_msgs/include/person_msgs/msg/detail
[7.241s] -- Installing: /home/dragonet/ros2/install/person_msgs/include/person_msgs/msg/detail/person__type_support.c
[7.241s] -- Installing: /home/dragonet/ros2/install/person_msgs/include/person_msgs/msg/detail/person__rosidl_typesupport_introspection_c.h
[7.241s] -- Installing: /home/dragonet/ros2/install/person_msgs/lib/libperson_msgs__rosidl_typesupport_introspection_c.so
[7.241s] -- Set runtime path of "/home/dragonet/ros2/install/person_msgs/lib/libperson_msgs__rosidl_typesupport_introspection_c.so" to ""
[7.241s] -- Installing: /home/dragonet/ros2/install/person_msgs/lib/libperson_msgs__rosidl_typesupport_c.so
[7.241s] -- Set runtime path of "/home/dragonet/ros2/install/person_msgs/lib/libperson_msgs__rosidl_typesupport_c.so" to ""
[7.242s] -- Up-to-date: /home/dragonet/ros2/install/person_msgs/include/person_msgs
[7.242s] -- Up-to-date: /home/dragonet/ros2/install/person_msgs/include/person_msgs/msg
[7.242s] -- Installing: /home/dragonet/ros2/install/person_msgs/include/person_msgs/msg/person.hpp
[7.242s] -- Installing: /home/dragonet/ros2/install/person_msgs/include/person_msgs/msg/rosidl_generator_cpp__visibility_control.hpp
[7.242s] -- Up-to-date: /home/dragonet/ros2/install/person_msgs/include/person_msgs/msg/detail
[7.242s] -- Installing: /home/dragonet/ros2/install/person_msgs/include/person_msgs/msg/detail/person__builder.hpp
[7.242s] -- Installing: /home/dragonet/ros2/install/person_msgs/include/person_msgs/msg/detail/person__type_support.hpp
[7.242s] -- Installing: /home/dragonet/ros2/install/person_msgs/include/person_msgs/msg/detail/person__traits.hpp
[7.242s] -- Installing: /home/dragonet/ros2/install/person_msgs/include/person_msgs/msg/detail/person__struct.hpp
[7.242s] -- Up-to-date: /home/dragonet/ros2/install/person_msgs/include/person_msgs
[7.243s] -- Up-to-date: /home/dragonet/ros2/install/person_msgs/include/person_msgs/msg
[7.243s] -- Up-to-date: /home/dragonet/ros2/install/person_msgs/include/person_msgs/msg/detail
[7.243s] -- Installing: /home/dragonet/ros2/install/person_msgs/include/person_msgs/msg/detail/person__rosidl_typesupport_introspection_cpp.hpp
[7.243s] -- Installing: /home/dragonet/ros2/install/person_msgs/include/person_msgs/msg/detail/person__type_support.cpp
[7.243s] -- Installing: /home/dragonet/ros2/install/person_msgs/lib/libperson_msgs__rosidl_typesupport_introspection_cpp.so
[7.243s] -- Set runtime path of "/home/dragonet/ros2/install/person_msgs/lib/libperson_msgs__rosidl_typesupport_introspection_cpp.so" to ""
[7.243s] -- Installing: /home/dragonet/ros2/install/person_msgs/lib/libperson_msgs__rosidl_typesupport_cpp.so
[7.243s] -- Set runtime path of "/home/dragonet/ros2/install/person_msgs/lib/libperson_msgs__rosidl_typesupport_cpp.so" to ""
[7.243s] -- Installing: /home/dragonet/ros2/install/person_msgs/share/person_msgs/environment/pythonpath.sh
[7.243s] -- Installing: /home/dragonet/ros2/install/person_msgs/share/person_msgs/environment/pythonpath.dsv
[7.243s] -- Installing: /home/dragonet/ros2/install/person_msgs/lib/python3.8/site-packages/person_msgs/__init__.py
[7.262s] Compiling '/home/dragonet/ros2/install/person_msgs/lib/python3.8/site-packages/person_msgs/__init__.py'...
[7.265s] -- Installing: /home/dragonet/ros2/install/person_msgs/lib/python3.8/site-packages/person_msgs/msg
[7.265s] -- Installing: /home/dragonet/ros2/install/person_msgs/lib/python3.8/site-packages/person_msgs/msg/_person.py
[7.266s] -- Installing: /home/dragonet/ros2/install/person_msgs/lib/python3.8/site-packages/person_msgs/msg/_person_s.c
[7.266s] -- Installing: /home/dragonet/ros2/install/person_msgs/lib/python3.8/site-packages/person_msgs/msg/__init__.py
[7.266s] -- Installing: /home/dragonet/ros2/install/person_msgs/lib/python3.8/site-packages/person_msgs/person_msgs_s__rosidl_typesupport_fastrtps_c.cpython-38-x86_64-linux-gnu.so
[7.267s] -- Set runtime path of "/home/dragonet/ros2/install/person_msgs/lib/python3.8/site-packages/person_msgs/person_msgs_s__rosidl_typesupport_fastrtps_c.cpython-38-x86_64-linux-gnu.so" to ""
[7.267s] -- Installing: /home/dragonet/ros2/install/person_msgs/lib/python3.8/site-packages/person_msgs/person_msgs_s__rosidl_typesupport_introspection_c.cpython-38-x86_64-linux-gnu.so
[7.267s] -- Set runtime path of "/home/dragonet/ros2/install/person_msgs/lib/python3.8/site-packages/person_msgs/person_msgs_s__rosidl_typesupport_introspection_c.cpython-38-x86_64-linux-gnu.so" to ""
[7.267s] -- Installing: /home/dragonet/ros2/install/person_msgs/lib/python3.8/site-packages/person_msgs/person_msgs_s__rosidl_typesupport_c.cpython-38-x86_64-linux-gnu.so
[7.267s] -- Set runtime path of "/home/dragonet/ros2/install/person_msgs/lib/python3.8/site-packages/person_msgs/person_msgs_s__rosidl_typesupport_c.cpython-38-x86_64-linux-gnu.so" to ""
[7.267s] -- Installing: /home/dragonet/ros2/install/person_msgs/lib/libperson_msgs__python.so
[7.268s] -- Set runtime path of "/home/dragonet/ros2/install/person_msgs/lib/libperson_msgs__python.so" to ""
[7.268s] -- Installing: /home/dragonet/ros2/install/person_msgs/share/person_msgs/msg/Person.idl
[7.268s] -- Installing: /home/dragonet/ros2/install/person_msgs/share/person_msgs/msg/Person.msg
[7.268s] -- Installing: /home/dragonet/ros2/install/person_msgs/share/ament_index/resource_index/package_run_dependencies/person_msgs
[7.269s] -- Installing: /home/dragonet/ros2/install/person_msgs/share/ament_index/resource_index/parent_prefix_path/person_msgs
[7.269s] -- Installing: /home/dragonet/ros2/install/person_msgs/share/person_msgs/environment/ament_prefix_path.sh
[7.269s] -- Installing: /home/dragonet/ros2/install/person_msgs/share/person_msgs/environment/ament_prefix_path.dsv
[7.269s] -- Installing: /home/dragonet/ros2/install/person_msgs/share/person_msgs/environment/path.sh
[7.269s] -- Installing: /home/dragonet/ros2/install/person_msgs/share/person_msgs/environment/path.dsv
[7.269s] -- Installing: /home/dragonet/ros2/install/person_msgs/share/person_msgs/local_setup.bash
[7.269s] -- Installing: /home/dragonet/ros2/install/person_msgs/share/person_msgs/local_setup.sh
[7.270s] -- Installing: /home/dragonet/ros2/install/person_msgs/share/person_msgs/local_setup.zsh
[7.270s] -- Installing: /home/dragonet/ros2/install/person_msgs/share/person_msgs/local_setup.dsv
[7.270s] -- Installing: /home/dragonet/ros2/install/person_msgs/share/person_msgs/package.dsv
[7.270s] -- Installing: /home/dragonet/ros2/install/person_msgs/share/ament_index/resource_index/packages/person_msgs
[7.270s] -- Installing: /home/dragonet/ros2/install/person_msgs/share/person_msgs/cmake/person_msgs__rosidl_generator_cExport.cmake
[7.270s] -- Installing: /home/dragonet/ros2/install/person_msgs/share/person_msgs/cmake/person_msgs__rosidl_generator_cExport-noconfig.cmake
[7.270s] -- Installing: /home/dragonet/ros2/install/person_msgs/share/person_msgs/cmake/person_msgs__rosidl_typesupport_introspection_cExport.cmake
[7.270s] -- Installing: /home/dragonet/ros2/install/person_msgs/share/person_msgs/cmake/person_msgs__rosidl_typesupport_introspection_cExport-noconfig.cmake
[7.270s] -- Installing: /home/dragonet/ros2/install/person_msgs/share/person_msgs/cmake/person_msgs__rosidl_typesupport_cExport.cmake
[7.271s] -- Installing: /home/dragonet/ros2/install/person_msgs/share/person_msgs/cmake/person_msgs__rosidl_typesupport_cExport-noconfig.cmake
[7.271s] -- Installing: /home/dragonet/ros2/install/person_msgs/share/person_msgs/cmake/person_msgs__rosidl_generator_cppExport.cmake
[7.271s] -- Installing: /home/dragonet/ros2/install/person_msgs/share/person_msgs/cmake/person_msgs__rosidl_typesupport_introspection_cppExport.cmake
[7.271s] -- Installing: /home/dragonet/ros2/install/person_msgs/share/person_msgs/cmake/person_msgs__rosidl_typesupport_introspection_cppExport-noconfig.cmake
[7.271s] -- Installing: /home/dragonet/ros2/install/person_msgs/share/person_msgs/cmake/person_msgs__rosidl_typesupport_cppExport.cmake
[7.271s] -- Installing: /home/dragonet/ros2/install/person_msgs/share/person_msgs/cmake/person_msgs__rosidl_typesupport_cppExport-noconfig.cmake
[7.271s] -- Installing: /home/dragonet/ros2/install/person_msgs/share/person_msgs/cmake/rosidl_cmake-extras.cmake
[7.271s] -- Installing: /home/dragonet/ros2/install/person_msgs/share/person_msgs/cmake/ament_cmake_export_dependencies-extras.cmake
[7.272s] -- Installing: /home/dragonet/ros2/install/person_msgs/share/person_msgs/cmake/ament_cmake_export_libraries-extras.cmake
[7.272s] -- Installing: /home/dragonet/ros2/install/person_msgs/share/person_msgs/cmake/ament_cmake_export_targets-extras.cmake
[7.272s] -- Installing: /home/dragonet/ros2/install/person_msgs/share/person_msgs/cmake/ament_cmake_export_include_directories-extras.cmake
[7.272s] -- Installing: /home/dragonet/ros2/install/person_msgs/share/person_msgs/cmake/rosidl_cmake_export_typesupport_libraries-extras.cmake
[7.272s] -- Installing: /home/dragonet/ros2/install/person_msgs/share/person_msgs/cmake/rosidl_cmake_export_typesupport_targets-extras.cmake
[7.272s] -- Installing: /home/dragonet/ros2/install/person_msgs/share/person_msgs/cmake/person_msgsConfig.cmake
[7.272s] -- Installing: /home/dragonet/ros2/install/person_msgs/share/person_msgs/cmake/person_msgsConfig-version.cmake
[7.272s] -- Installing: /home/dragonet/ros2/install/person_msgs/share/person_msgs/package.xml
[7.274s] Invoked command in '/home/dragonet/ros2/build/person_msgs' returned '0': CMAKE_PREFIX_PATH=${CMAKE_PREFIX_PATH}:/home/dragonet/ros2_ws/install/mypkg:/opt/ros/foxy /usr/bin/cmake --install /home/dragonet/ros2/build/person_msgs
