[0.500s] Invoking command in '/home/dragonet/ros2_ws/src/mypkg': PYTHONPATH=/home/dragonet/ros2_ws/build/mypkg/prefix_override:/home/dragonet/ros2_ws/install/mypkg/lib/python3.8/site-packages:${PYTHONPATH} /usr/bin/python3 setup.py egg_info --egg-base ../../build/mypkg build --build-base /home/dragonet/ros2_ws/build/mypkg/build install --record /home/dragonet/ros2_ws/build/mypkg/install.log --install-scripts $base/lib/mypkg --single-version-externally-managed
[0.609s] running egg_info
[0.610s] writing ../../build/mypkg/mypkg.egg-info/PKG-INFO
[0.610s] writing dependency_links to ../../build/mypkg/mypkg.egg-info/dependency_links.txt
[0.610s] writing entry points to ../../build/mypkg/mypkg.egg-info/entry_points.txt
[0.610s] writing requirements to ../../build/mypkg/mypkg.egg-info/requires.txt
[0.610s] writing top-level names to ../../build/mypkg/mypkg.egg-info/top_level.txt
[0.630s] reading manifest file '../../build/mypkg/mypkg.egg-info/SOURCES.txt'
[0.631s] writing manifest file '../../build/mypkg/mypkg.egg-info/SOURCES.txt'
[0.631s] running build
[0.631s] running build_py
[0.631s] running install
[0.631s] running install_lib
[0.632s] byte-compiling /home/dragonet/ros2_ws/install/mypkg/lib/python3.8/site-packages/mypkg/listener.py to listener.cpython-38.pyc
[0.633s] running install_data
[0.633s] Sorry: IndentationError: unexpected indent (listener.py, line 7)
[0.633s] running install_egg_info
[0.634s] removing '/home/dragonet/ros2_ws/install/mypkg/lib/python3.8/site-packages/mypkg-0.0.0-py3.8.egg-info' (and everything under it)
[0.635s] Copying ../../build/mypkg/mypkg.egg-info to /home/dragonet/ros2_ws/install/mypkg/lib/python3.8/site-packages/mypkg-0.0.0-py3.8.egg-info
[0.636s] running install_scripts
[0.647s] Installing listener script to /home/dragonet/ros2_ws/install/mypkg/lib/mypkg
[0.647s] Installing talker script to /home/dragonet/ros2_ws/install/mypkg/lib/mypkg
[0.647s] writing list of installed files to '/home/dragonet/ros2_ws/build/mypkg/install.log'
[0.661s] Invoked command in '/home/dragonet/ros2_ws/src/mypkg' returned '0': PYTHONPATH=/home/dragonet/ros2_ws/build/mypkg/prefix_override:/home/dragonet/ros2_ws/install/mypkg/lib/python3.8/site-packages:${PYTHONPATH} /usr/bin/python3 setup.py egg_info --egg-base ../../build/mypkg build --build-base /home/dragonet/ros2_ws/build/mypkg/build install --record /home/dragonet/ros2_ws/build/mypkg/install.log --install-scripts $base/lib/mypkg --single-version-externally-managed
