[1.009s] DEBUG:colcon:Command line arguments: ['/usr/bin/colcon', 'build']
[1.009s] DEBUG:colcon:Parsed command line arguments: Namespace(allow_overriding=[], ament_cmake_args=None, base_paths=['.'], build_base='build', catkin_cmake_args=None, catkin_skip_building_tests=False, cmake_args=None, cmake_clean_cache=False, cmake_clean_first=False, cmake_force_configure=False, cmake_target=None, cmake_target_skip_unavailable=False, continue_on_error=False, event_handlers=None, executor='parallel', ignore_user_meta=False, install_base='install', log_base=None, log_level=None, main=<bound method BuildVerb.main of <colcon_core.verb.build.BuildVerb object at 0x7f6118a4abb0>>, merge_install=False, metas=['./colcon.meta'], packages_above=None, packages_above_and_dependencies=None, packages_above_depth=None, packages_end=None, packages_ignore=None, packages_ignore_regex=None, packages_select=None, packages_select_build_failed=False, packages_select_by_dep=None, packages_select_regex=None, packages_select_test_failures=False, packages_skip=None, packages_skip_build_finished=False, packages_skip_by_dep=None, packages_skip_regex=None, packages_skip_test_passed=False, packages_skip_up_to=None, packages_start=None, packages_up_to=None, packages_up_to_regex=None, parallel_workers=8, paths=None, symlink_install=False, test_result_base=None, verb_extension=<colcon_core.verb.build.BuildVerb object at 0x7f6118a4abb0>, verb_name='build', verb_parser=<colcon_defaults.argument_parser.defaults.DefaultArgumentsDecorator object at 0x7f61186813a0>)
[1.065s] Level 1:colcon.colcon_core.package_discovery:discover_packages(colcon_meta) check parameters
[1.066s] Level 1:colcon.colcon_core.package_discovery:discover_packages(recursive) check parameters
[1.066s] Level 1:colcon.colcon_core.package_discovery:discover_packages(ignore) check parameters
[1.066s] Level 1:colcon.colcon_core.package_discovery:discover_packages(path) check parameters
[1.066s] Level 1:colcon.colcon_core.package_discovery:discover_packages(colcon_meta) discover
[1.066s] Level 1:colcon.colcon_core.package_discovery:discover_packages(recursive) discover
[1.066s] INFO:colcon.colcon_core.package_discovery:Crawling recursively for packages in '/home/dragonet/ros2'
[1.066s] Level 1:colcon.colcon_core.package_identification:_identify(.) by extensions ['ignore', 'ignore_ament_install']
[1.066s] Level 1:colcon.colcon_core.package_identification:_identify(.) by extension 'ignore'
[1.066s] Level 1:colcon.colcon_core.package_identification:_identify(.) by extension 'ignore_ament_install'
[1.066s] Level 1:colcon.colcon_core.package_identification:_identify(.) by extensions ['colcon_pkg']
[1.066s] Level 1:colcon.colcon_core.package_identification:_identify(.) by extension 'colcon_pkg'
[1.066s] Level 1:colcon.colcon_core.package_identification:_identify(.) by extensions ['colcon_meta']
[1.066s] Level 1:colcon.colcon_core.package_identification:_identify(.) by extension 'colcon_meta'
[1.066s] Level 1:colcon.colcon_core.package_identification:_identify(.) by extensions ['ros']
[1.066s] Level 1:colcon.colcon_core.package_identification:_identify(.) by extension 'ros'
[1.074s] Level 1:colcon.colcon_core.package_identification:_identify(.) by extensions ['cmake', 'python']
[1.074s] Level 1:colcon.colcon_core.package_identification:_identify(.) by extension 'cmake'
[1.074s] Level 1:colcon.colcon_core.package_identification:_identify(.) by extension 'python'
[1.074s] Level 1:colcon.colcon_core.package_identification:_identify(.) by extensions ['python_setup_py']
[1.074s] Level 1:colcon.colcon_core.package_identification:_identify(.) by extension 'python_setup_py'
[1.074s] Level 1:colcon.colcon_core.package_identification:_identify(build) by extensions ['ignore', 'ignore_ament_install']
[1.075s] Level 1:colcon.colcon_core.package_identification:_identify(build) by extension 'ignore'
[1.075s] Level 1:colcon.colcon_core.package_identification:_identify(build) ignored
[1.075s] Level 1:colcon.colcon_core.package_identification:_identify(install) by extensions ['ignore', 'ignore_ament_install']
[1.075s] Level 1:colcon.colcon_core.package_identification:_identify(install) by extension 'ignore'
[1.075s] Level 1:colcon.colcon_core.package_identification:_identify(install) ignored
[1.075s] Level 1:colcon.colcon_core.package_identification:_identify(log) by extensions ['ignore', 'ignore_ament_install']
[1.075s] Level 1:colcon.colcon_core.package_identification:_identify(log) by extension 'ignore'
[1.075s] Level 1:colcon.colcon_core.package_identification:_identify(log) ignored
[1.075s] Level 1:colcon.colcon_core.package_identification:_identify(src) by extensions ['ignore', 'ignore_ament_install']
[1.075s] Level 1:colcon.colcon_core.package_identification:_identify(src) by extension 'ignore'
[1.075s] Level 1:colcon.colcon_core.package_identification:_identify(src) by extension 'ignore_ament_install'
[1.075s] Level 1:colcon.colcon_core.package_identification:_identify(src) by extensions ['colcon_pkg']
[1.075s] Level 1:colcon.colcon_core.package_identification:_identify(src) by extension 'colcon_pkg'
[1.075s] Level 1:colcon.colcon_core.package_identification:_identify(src) by extensions ['colcon_meta']
[1.075s] Level 1:colcon.colcon_core.package_identification:_identify(src) by extension 'colcon_meta'
[1.075s] Level 1:colcon.colcon_core.package_identification:_identify(src) by extensions ['ros']
[1.075s] Level 1:colcon.colcon_core.package_identification:_identify(src) by extension 'ros'
[1.075s] Level 1:colcon.colcon_core.package_identification:_identify(src) by extensions ['cmake', 'python']
[1.075s] Level 1:colcon.colcon_core.package_identification:_identify(src) by extension 'cmake'
[1.075s] Level 1:colcon.colcon_core.package_identification:_identify(src) by extension 'python'
[1.075s] Level 1:colcon.colcon_core.package_identification:_identify(src) by extensions ['python_setup_py']
[1.075s] Level 1:colcon.colcon_core.package_identification:_identify(src) by extension 'python_setup_py'
[1.075s] Level 1:colcon.colcon_core.package_identification:_identify(src/mypkg) by extensions ['ignore', 'ignore_ament_install']
[1.075s] Level 1:colcon.colcon_core.package_identification:_identify(src/mypkg) by extension 'ignore'
[1.075s] Level 1:colcon.colcon_core.package_identification:_identify(src/mypkg) by extension 'ignore_ament_install'
[1.075s] Level 1:colcon.colcon_core.package_identification:_identify(src/mypkg) by extensions ['colcon_pkg']
[1.075s] Level 1:colcon.colcon_core.package_identification:_identify(src/mypkg) by extension 'colcon_pkg'
[1.075s] Level 1:colcon.colcon_core.package_identification:_identify(src/mypkg) by extensions ['colcon_meta']
[1.075s] Level 1:colcon.colcon_core.package_identification:_identify(src/mypkg) by extension 'colcon_meta'
[1.075s] Level 1:colcon.colcon_core.package_identification:_identify(src/mypkg) by extensions ['ros']
[1.075s] Level 1:colcon.colcon_core.package_identification:_identify(src/mypkg) by extension 'ros'
[1.077s] DEBUG:colcon.colcon_core.package_identification:Package 'src/mypkg' with type 'ros.ament_python' and name 'mypkg'
[1.077s] Level 1:colcon.colcon_core.package_identification:_identify(src/person_msgs) by extensions ['ignore', 'ignore_ament_install']
[1.077s] Level 1:colcon.colcon_core.package_identification:_identify(src/person_msgs) by extension 'ignore'
[1.077s] Level 1:colcon.colcon_core.package_identification:_identify(src/person_msgs) by extension 'ignore_ament_install'
[1.077s] Level 1:colcon.colcon_core.package_identification:_identify(src/person_msgs) by extensions ['colcon_pkg']
[1.077s] Level 1:colcon.colcon_core.package_identification:_identify(src/person_msgs) by extension 'colcon_pkg'
[1.077s] Level 1:colcon.colcon_core.package_identification:_identify(src/person_msgs) by extensions ['colcon_meta']
[1.077s] Level 1:colcon.colcon_core.package_identification:_identify(src/person_msgs) by extension 'colcon_meta'
[1.077s] Level 1:colcon.colcon_core.package_identification:_identify(src/person_msgs) by extensions ['ros']
[1.077s] Level 1:colcon.colcon_core.package_identification:_identify(src/person_msgs) by extension 'ros'
[1.077s] DEBUG:colcon.colcon_core.package_identification:Package 'src/person_msgs' with type 'ros.ament_cmake' and name 'person_msgs'
[1.077s] Level 1:colcon.colcon_core.package_discovery:discover_packages(recursive) using defaults
[1.077s] Level 1:colcon.colcon_core.package_discovery:discover_packages(ignore) discover
[1.077s] Level 1:colcon.colcon_core.package_discovery:discover_packages(ignore) using defaults
[1.077s] Level 1:colcon.colcon_core.package_discovery:discover_packages(path) discover
[1.077s] Level 1:colcon.colcon_core.package_discovery:discover_packages(path) using defaults
[1.173s] Level 1:colcon.colcon_core.package_discovery:discover_packages(prefix_path) check parameters
[1.173s] Level 1:colcon.colcon_core.package_discovery:discover_packages(prefix_path) discover
[1.205s] DEBUG:colcon.colcon_installed_package_information.package_discovery:Found 2 installed packages in /home/dragonet/ros2_ws/install
[1.222s] DEBUG:colcon.colcon_installed_package_information.package_discovery:Found 256 installed packages in /opt/ros/foxy
[1.222s] Level 1:colcon.colcon_core.package_discovery:discover_packages(prefix_path) using defaults
[1.299s] Level 5:colcon.colcon_core.verb:set package 'mypkg' build argument 'cmake_args' from command line to 'None'
[1.300s] Level 5:colcon.colcon_core.verb:set package 'mypkg' build argument 'cmake_target' from command line to 'None'
[1.300s] Level 5:colcon.colcon_core.verb:set package 'mypkg' build argument 'cmake_target_skip_unavailable' from command line to 'False'
[1.300s] Level 5:colcon.colcon_core.verb:set package 'mypkg' build argument 'cmake_clean_cache' from command line to 'False'
[1.300s] Level 5:colcon.colcon_core.verb:set package 'mypkg' build argument 'cmake_clean_first' from command line to 'False'
[1.300s] Level 5:colcon.colcon_core.verb:set package 'mypkg' build argument 'cmake_force_configure' from command line to 'False'
[1.300s] Level 5:colcon.colcon_core.verb:set package 'mypkg' build argument 'ament_cmake_args' from command line to 'None'
[1.300s] Level 5:colcon.colcon_core.verb:set package 'mypkg' build argument 'catkin_cmake_args' from command line to 'None'
[1.300s] Level 5:colcon.colcon_core.verb:set package 'mypkg' build argument 'catkin_skip_building_tests' from command line to 'False'
[1.300s] DEBUG:colcon.colcon_core.verb:Building package 'mypkg' with the following arguments: {'ament_cmake_args': None, 'build_base': '/home/dragonet/ros2/build/mypkg', 'catkin_cmake_args': None, 'catkin_skip_building_tests': False, 'cmake_args': None, 'cmake_clean_cache': False, 'cmake_clean_first': False, 'cmake_force_configure': False, 'cmake_target': None, 'cmake_target_skip_unavailable': False, 'install_base': '/home/dragonet/ros2/install/mypkg', 'merge_install': False, 'path': '/home/dragonet/ros2/src/mypkg', 'symlink_install': False, 'test_result_base': None}
[1.315s] Level 5:colcon.colcon_core.verb:set package 'person_msgs' build argument 'cmake_args' from command line to 'None'
[1.315s] Level 5:colcon.colcon_core.verb:set package 'person_msgs' build argument 'cmake_target' from command line to 'None'
[1.315s] Level 5:colcon.colcon_core.verb:set package 'person_msgs' build argument 'cmake_target_skip_unavailable' from command line to 'False'
[1.315s] Level 5:colcon.colcon_core.verb:set package 'person_msgs' build argument 'cmake_clean_cache' from command line to 'False'
[1.315s] Level 5:colcon.colcon_core.verb:set package 'person_msgs' build argument 'cmake_clean_first' from command line to 'False'
[1.316s] Level 5:colcon.colcon_core.verb:set package 'person_msgs' build argument 'cmake_force_configure' from command line to 'False'
[1.316s] Level 5:colcon.colcon_core.verb:set package 'person_msgs' build argument 'ament_cmake_args' from command line to 'None'
[1.316s] Level 5:colcon.colcon_core.verb:set package 'person_msgs' build argument 'catkin_cmake_args' from command line to 'None'
[1.316s] Level 5:colcon.colcon_core.verb:set package 'person_msgs' build argument 'catkin_skip_building_tests' from command line to 'False'
[1.316s] DEBUG:colcon.colcon_core.verb:Building package 'person_msgs' with the following arguments: {'ament_cmake_args': None, 'build_base': '/home/dragonet/ros2/build/person_msgs', 'catkin_cmake_args': None, 'catkin_skip_building_tests': False, 'cmake_args': None, 'cmake_clean_cache': False, 'cmake_clean_first': False, 'cmake_force_configure': False, 'cmake_target': None, 'cmake_target_skip_unavailable': False, 'install_base': '/home/dragonet/ros2/install/person_msgs', 'merge_install': False, 'path': '/home/dragonet/ros2/src/person_msgs', 'symlink_install': False, 'test_result_base': None}
[1.332s] INFO:colcon.colcon_core.executor:Executing jobs using 'parallel' executor
[1.349s] DEBUG:colcon.colcon_parallel_executor.executor.parallel:run_until_complete
[1.349s] INFO:colcon.colcon_ros.task.ament_python.build:Building ROS package in '/home/dragonet/ros2/src/mypkg' with build type 'ament_python'
[1.349s] Level 1:colcon.colcon_core.shell:create_environment_hook('mypkg', 'ament_prefix_path')
[1.368s] INFO:colcon.colcon_core.plugin_system:Skipping extension 'colcon_core.shell.bat': Not used on non-Windows systems
[1.368s] INFO:colcon.colcon_core.shell:Creating environment hook '/home/dragonet/ros2/install/mypkg/share/mypkg/hook/ament_prefix_path.ps1'
[1.368s] INFO:colcon.colcon_core.shell:Creating environment descriptor '/home/dragonet/ros2/install/mypkg/share/mypkg/hook/ament_prefix_path.dsv'
[1.368s] INFO:colcon.colcon_core.shell:Creating environment hook '/home/dragonet/ros2/install/mypkg/share/mypkg/hook/ament_prefix_path.sh'
[1.387s] INFO:colcon.colcon_core.shell:Skip shell extension 'powershell' for command environment: Not usable outside of PowerShell
[1.387s] DEBUG:colcon.colcon_core.shell:Skip shell extension 'dsv' for command environment
[1.442s] INFO:colcon.colcon_ros.task.ament_cmake.build:Building ROS package in '/home/dragonet/ros2/src/person_msgs' with build type 'ament_cmake'
[1.443s] INFO:colcon.colcon_cmake.task.cmake.build:Building CMake package in '/home/dragonet/ros2/src/person_msgs'
[1.464s] INFO:colcon.colcon_core.shell:Skip shell extension 'powershell' for command environment: Not usable outside of PowerShell
[1.464s] DEBUG:colcon.colcon_core.shell:Skip shell extension 'dsv' for command environment
[1.648s] INFO:colcon.colcon_core.task.python.build:Building Python package in '/home/dragonet/ros2/src/mypkg'
[1.666s] INFO:colcon.colcon_core.shell:Skip shell extension 'powershell' for command environment: Not usable outside of PowerShell
[1.666s] DEBUG:colcon.colcon_core.shell:Skip shell extension 'dsv' for command environment
[1.731s] DEBUG:colcon.colcon_core.event_handler.log_command:Invoking command in '/home/dragonet/ros2/build/person_msgs': CMAKE_PREFIX_PATH=${CMAKE_PREFIX_PATH}:/home/dragonet/ros2_ws/install/mypkg:/opt/ros/foxy /usr/bin/cmake --build /home/dragonet/ros2/build/person_msgs -- -j8 -l8
[1.898s] DEBUG:colcon.colcon_core.event_handler.log_command:Invoked command in '/home/dragonet/ros2/build/person_msgs' returned '0': CMAKE_PREFIX_PATH=${CMAKE_PREFIX_PATH}:/home/dragonet/ros2_ws/install/mypkg:/opt/ros/foxy /usr/bin/cmake --build /home/dragonet/ros2/build/person_msgs -- -j8 -l8
[1.948s] DEBUG:colcon.colcon_core.event_handler.log_command:Invoking command in '/home/dragonet/ros2/build/person_msgs': CMAKE_PREFIX_PATH=${CMAKE_PREFIX_PATH}:/home/dragonet/ros2_ws/install/mypkg:/opt/ros/foxy /usr/bin/cmake --install /home/dragonet/ros2/build/person_msgs
[1.993s] Level 1:colcon.colcon_core.environment:create_environment_scripts_only(person_msgs)
[1.993s] DEBUG:colcon.colcon_core.event_handler.log_command:Invoked command in '/home/dragonet/ros2/build/person_msgs' returned '0': CMAKE_PREFIX_PATH=${CMAKE_PREFIX_PATH}:/home/dragonet/ros2_ws/install/mypkg:/opt/ros/foxy /usr/bin/cmake --install /home/dragonet/ros2/build/person_msgs
[2.016s] Level 1:colcon.colcon_core.environment:checking '/home/dragonet/ros2/install/person_msgs' for CMake module files
[2.017s] Level 1:colcon.colcon_core.environment:checking '/home/dragonet/ros2/install/person_msgs' for CMake config files
[2.017s] Level 1:colcon.colcon_core.shell:create_environment_hook('person_msgs', 'cmake_prefix_path')
[2.035s] INFO:colcon.colcon_core.shell:Creating environment hook '/home/dragonet/ros2/install/person_msgs/share/person_msgs/hook/cmake_prefix_path.ps1'
[2.035s] INFO:colcon.colcon_core.shell:Creating environment descriptor '/home/dragonet/ros2/install/person_msgs/share/person_msgs/hook/cmake_prefix_path.dsv'
[2.035s] INFO:colcon.colcon_core.shell:Creating environment hook '/home/dragonet/ros2/install/person_msgs/share/person_msgs/hook/cmake_prefix_path.sh'
[2.036s] Level 1:colcon.colcon_core.environment:checking '/home/dragonet/ros2/install/person_msgs/lib'
[2.036s] Level 1:colcon.colcon_core.shell:create_environment_hook('person_msgs', 'ld_library_path_lib')
[2.054s] INFO:colcon.colcon_core.shell:Creating environment hook '/home/dragonet/ros2/install/person_msgs/share/person_msgs/hook/ld_library_path_lib.ps1'
[2.054s] INFO:colcon.colcon_core.shell:Creating environment descriptor '/home/dragonet/ros2/install/person_msgs/share/person_msgs/hook/ld_library_path_lib.dsv'
[2.054s] INFO:colcon.colcon_core.shell:Creating environment hook '/home/dragonet/ros2/install/person_msgs/share/person_msgs/hook/ld_library_path_lib.sh'
[2.055s] Level 1:colcon.colcon_core.environment:checking '/home/dragonet/ros2/install/person_msgs/bin'
[2.055s] Level 1:colcon.colcon_core.environment:checking '/home/dragonet/ros2/install/person_msgs/lib/pkgconfig/person_msgs.pc'
[2.055s] Level 1:colcon.colcon_core.environment:checking '/home/dragonet/ros2/install/person_msgs/lib/python3.8/site-packages'
[2.055s] Level 1:colcon.colcon_core.shell:create_environment_hook('person_msgs', 'pythonpath')
[2.072s] INFO:colcon.colcon_core.shell:Creating environment hook '/home/dragonet/ros2/install/person_msgs/share/person_msgs/hook/pythonpath.ps1'
[2.072s] INFO:colcon.colcon_core.shell:Creating environment descriptor '/home/dragonet/ros2/install/person_msgs/share/person_msgs/hook/pythonpath.dsv'
[2.072s] INFO:colcon.colcon_core.shell:Creating environment hook '/home/dragonet/ros2/install/person_msgs/share/person_msgs/hook/pythonpath.sh'
[2.072s] Level 1:colcon.colcon_core.environment:checking '/home/dragonet/ros2/install/person_msgs/bin'
[2.089s] INFO:colcon.colcon_core.shell:Creating package script '/home/dragonet/ros2/install/person_msgs/share/person_msgs/package.ps1'
[2.089s] INFO:colcon.colcon_core.shell:Creating package descriptor '/home/dragonet/ros2/install/person_msgs/share/person_msgs/package.dsv'
[2.090s] INFO:colcon.colcon_core.shell:Creating package script '/home/dragonet/ros2/install/person_msgs/share/person_msgs/package.sh'
[2.090s] INFO:colcon.colcon_core.shell:Creating package script '/home/dragonet/ros2/install/person_msgs/share/person_msgs/package.bash'
[2.091s] INFO:colcon.colcon_core.shell:Creating package script '/home/dragonet/ros2/install/person_msgs/share/person_msgs/package.zsh'
[2.091s] Level 1:colcon.colcon_core.environment:create_file_with_runtime_dependencies(/home/dragonet/ros2/install/person_msgs/share/colcon-core/packages/person_msgs)
[2.098s] DEBUG:colcon.colcon_core.event_handler.log_command:Invoking command in '/home/dragonet/ros2/src/mypkg': PYTHONPATH=/home/dragonet/ros2/build/mypkg/prefix_override:/home/dragonet/ros2/install/mypkg/lib/python3.8/site-packages:${PYTHONPATH} /usr/bin/python3 setup.py egg_info --egg-base ../../build/mypkg build --build-base /home/dragonet/ros2/build/mypkg/build install --record /home/dragonet/ros2/build/mypkg/install.log --install-scripts $base/lib/mypkg --single-version-externally-managed
[2.146s] Level 1:colcon.colcon_core.environment:create_environment_scripts_only(person_msgs)
[2.166s] Level 1:colcon.colcon_core.environment:checking '/home/dragonet/ros2/install/person_msgs' for CMake module files
[2.166s] Level 1:colcon.colcon_core.environment:checking '/home/dragonet/ros2/install/person_msgs' for CMake config files
[2.167s] Level 1:colcon.colcon_core.shell:create_environment_hook('person_msgs', 'cmake_prefix_path')
[2.185s] INFO:colcon.colcon_core.shell:Creating environment hook '/home/dragonet/ros2/install/person_msgs/share/person_msgs/hook/cmake_prefix_path.ps1'
[2.185s] INFO:colcon.colcon_core.shell:Creating environment descriptor '/home/dragonet/ros2/install/person_msgs/share/person_msgs/hook/cmake_prefix_path.dsv'
[2.186s] INFO:colcon.colcon_core.shell:Creating environment hook '/home/dragonet/ros2/install/person_msgs/share/person_msgs/hook/cmake_prefix_path.sh'
[2.187s] Level 1:colcon.colcon_core.environment:checking '/home/dragonet/ros2/install/person_msgs/lib'
[2.187s] Level 1:colcon.colcon_core.shell:create_environment_hook('person_msgs', 'ld_library_path_lib')
[2.206s] INFO:colcon.colcon_core.shell:Creating environment hook '/home/dragonet/ros2/install/person_msgs/share/person_msgs/hook/ld_library_path_lib.ps1'
[2.206s] INFO:colcon.colcon_core.shell:Creating environment descriptor '/home/dragonet/ros2/install/person_msgs/share/person_msgs/hook/ld_library_path_lib.dsv'
[2.206s] INFO:colcon.colcon_core.shell:Creating environment hook '/home/dragonet/ros2/install/person_msgs/share/person_msgs/hook/ld_library_path_lib.sh'
[2.207s] Level 1:colcon.colcon_core.environment:checking '/home/dragonet/ros2/install/person_msgs/bin'
[2.207s] Level 1:colcon.colcon_core.environment:checking '/home/dragonet/ros2/install/person_msgs/lib/pkgconfig/person_msgs.pc'
[2.207s] Level 1:colcon.colcon_core.environment:checking '/home/dragonet/ros2/install/person_msgs/lib/python3.8/site-packages'
[2.207s] Level 1:colcon.colcon_core.shell:create_environment_hook('person_msgs', 'pythonpath')
[2.227s] INFO:colcon.colcon_core.shell:Creating environment hook '/home/dragonet/ros2/install/person_msgs/share/person_msgs/hook/pythonpath.ps1'
[2.228s] INFO:colcon.colcon_core.shell:Creating environment descriptor '/home/dragonet/ros2/install/person_msgs/share/person_msgs/hook/pythonpath.dsv'
[2.228s] INFO:colcon.colcon_core.shell:Creating environment hook '/home/dragonet/ros2/install/person_msgs/share/person_msgs/hook/pythonpath.sh'
[2.228s] Level 1:colcon.colcon_core.environment:checking '/home/dragonet/ros2/install/person_msgs/bin'
[2.252s] INFO:colcon.colcon_core.shell:Creating package script '/home/dragonet/ros2/install/person_msgs/share/person_msgs/package.ps1'
[2.252s] INFO:colcon.colcon_core.shell:Creating package descriptor '/home/dragonet/ros2/install/person_msgs/share/person_msgs/package.dsv'
[2.252s] INFO:colcon.colcon_core.shell:Creating package script '/home/dragonet/ros2/install/person_msgs/share/person_msgs/package.sh'
[2.253s] INFO:colcon.colcon_core.shell:Creating package script '/home/dragonet/ros2/install/person_msgs/share/person_msgs/package.bash'
[2.253s] INFO:colcon.colcon_core.shell:Creating package script '/home/dragonet/ros2/install/person_msgs/share/person_msgs/package.zsh'
[2.253s] Level 1:colcon.colcon_core.environment:create_file_with_runtime_dependencies(/home/dragonet/ros2/install/person_msgs/share/colcon-core/packages/person_msgs)
[2.274s] DEBUG:colcon.colcon_core.event_handler.log_command:Invoked command in '/home/dragonet/ros2/src/mypkg' returned '0': PYTHONPATH=/home/dragonet/ros2/build/mypkg/prefix_override:/home/dragonet/ros2/install/mypkg/lib/python3.8/site-packages:${PYTHONPATH} /usr/bin/python3 setup.py egg_info --egg-base ../../build/mypkg build --build-base /home/dragonet/ros2/build/mypkg/build install --record /home/dragonet/ros2/build/mypkg/install.log --install-scripts $base/lib/mypkg --single-version-externally-managed
[2.293s] Level 1:colcon.colcon_core.environment:checking '/home/dragonet/ros2/install/mypkg' for CMake module files
[2.293s] Level 1:colcon.colcon_core.environment:checking '/home/dragonet/ros2/install/mypkg' for CMake config files
[2.293s] Level 1:colcon.colcon_core.environment:checking '/home/dragonet/ros2/install/mypkg/lib'
[2.293s] Level 1:colcon.colcon_core.environment:checking '/home/dragonet/ros2/install/mypkg/bin'
[2.293s] Level 1:colcon.colcon_core.environment:checking '/home/dragonet/ros2/install/mypkg/lib/pkgconfig/mypkg.pc'
[2.293s] Level 1:colcon.colcon_core.environment:checking '/home/dragonet/ros2/install/mypkg/lib/python3.8/site-packages'
[2.293s] Level 1:colcon.colcon_core.shell:create_environment_hook('mypkg', 'pythonpath')
[2.311s] INFO:colcon.colcon_core.shell:Creating environment hook '/home/dragonet/ros2/install/mypkg/share/mypkg/hook/pythonpath.ps1'
[2.312s] INFO:colcon.colcon_core.shell:Creating environment descriptor '/home/dragonet/ros2/install/mypkg/share/mypkg/hook/pythonpath.dsv'
[2.312s] INFO:colcon.colcon_core.shell:Creating environment hook '/home/dragonet/ros2/install/mypkg/share/mypkg/hook/pythonpath.sh'
[2.312s] Level 1:colcon.colcon_core.environment:checking '/home/dragonet/ros2/install/mypkg/bin'
[2.312s] Level 1:colcon.colcon_core.environment:create_environment_scripts_only(mypkg)
[2.329s] INFO:colcon.colcon_core.shell:Creating package script '/home/dragonet/ros2/install/mypkg/share/mypkg/package.ps1'
[2.330s] INFO:colcon.colcon_core.shell:Creating package descriptor '/home/dragonet/ros2/install/mypkg/share/mypkg/package.dsv'
[2.330s] INFO:colcon.colcon_core.shell:Creating package script '/home/dragonet/ros2/install/mypkg/share/mypkg/package.sh'
[2.330s] INFO:colcon.colcon_core.shell:Creating package script '/home/dragonet/ros2/install/mypkg/share/mypkg/package.bash'
[2.330s] INFO:colcon.colcon_core.shell:Creating package script '/home/dragonet/ros2/install/mypkg/share/mypkg/package.zsh'
[2.331s] Level 1:colcon.colcon_core.environment:create_file_with_runtime_dependencies(/home/dragonet/ros2/install/mypkg/share/colcon-core/packages/mypkg)
[2.331s] DEBUG:colcon.colcon_parallel_executor.executor.parallel:closing loop
[2.332s] DEBUG:colcon.colcon_parallel_executor.executor.parallel:loop closed
[2.332s] DEBUG:colcon.colcon_parallel_executor.executor.parallel:run_until_complete finished with '0'
[2.332s] DEBUG:colcon.colcon_core.event_reactor:joining thread
[2.374s] INFO:colcon.colcon_core.plugin_system:Skipping extension 'colcon_notification.desktop_notification.notify_send': Could not find 'notify-send'
[2.374s] INFO:colcon.colcon_core.plugin_system:Skipping extension 'colcon_notification.desktop_notification.terminal_notifier': Not used on non-Darwin systems
[2.374s] INFO:colcon.colcon_core.plugin_system:Skipping extension 'colcon_notification.desktop_notification.win32': Not used on non-Windows systems
[2.374s] INFO:colcon.colcon_notification.desktop_notification:Sending desktop notification using 'notify2'
[2.378s] DEBUG:colcon.colcon_notification.desktop_notification.notify2:Failed to initialize notify2: org.freedesktop.DBus.Error.ServiceUnknown: The name org.freedesktop.Notifications was not provided by any .service files
[2.378s] DEBUG:colcon.colcon_core.event_reactor:joined thread
[2.397s] INFO:colcon.colcon_core.shell:Creating prefix script '/home/dragonet/ros2/install/local_setup.ps1'
[2.398s] INFO:colcon.colcon_core.shell:Creating prefix util module '/home/dragonet/ros2/install/_local_setup_util_ps1.py'
[2.398s] INFO:colcon.colcon_core.shell:Creating prefix chain script '/home/dragonet/ros2/install/setup.ps1'
[2.425s] INFO:colcon.colcon_core.shell:Creating prefix script '/home/dragonet/ros2/install/local_setup.sh'
[2.426s] INFO:colcon.colcon_core.shell:Creating prefix util module '/home/dragonet/ros2/install/_local_setup_util_sh.py'
[2.426s] INFO:colcon.colcon_core.shell:Creating prefix chain script '/home/dragonet/ros2/install/setup.sh'
[2.443s] INFO:colcon.colcon_core.shell:Creating prefix script '/home/dragonet/ros2/install/local_setup.bash'
[2.443s] INFO:colcon.colcon_core.shell:Creating prefix chain script '/home/dragonet/ros2/install/setup.bash'
[2.461s] INFO:colcon.colcon_core.shell:Creating prefix script '/home/dragonet/ros2/install/local_setup.zsh'
[2.462s] INFO:colcon.colcon_core.shell:Creating prefix chain script '/home/dragonet/ros2/install/setup.zsh'
