[0.487s] Invoking command in '/home/dragonet/ros2_ws/src/mypkg': PYTHONPATH=/home/dragonet/ros2_ws/build/mypkg/prefix_override:/home/dragonet/ros2_ws/install/mypkg/lib/python3.8/site-packages:${PYTHONPATH} /usr/bin/python3 setup.py egg_info --egg-base ../../build/mypkg build --build-base /home/dragonet/ros2_ws/build/mypkg/build install --record /home/dragonet/ros2_ws/build/mypkg/install.log --install-scripts $base/lib/mypkg --single-version-externally-managed
[0.595s] running egg_info
[0.595s] writing ../../build/mypkg/mypkg.egg-info/PKG-INFO
[0.596s] writing dependency_links to ../../build/mypkg/mypkg.egg-info/dependency_links.txt
[0.596s] writing entry points to ../../build/mypkg/mypkg.egg-info/entry_points.txt
[0.596s] writing requirements to ../../build/mypkg/mypkg.egg-info/requires.txt
[0.596s] writing top-level names to ../../build/mypkg/mypkg.egg-info/top_level.txt
[0.616s] reading manifest file '../../build/mypkg/mypkg.egg-info/SOURCES.txt'
[0.616s] writing manifest file '../../build/mypkg/mypkg.egg-info/SOURCES.txt'
[0.616s] running build
[0.616s] running build_py
[0.616s] copying mypkg/listener.py -> /home/dragonet/ros2_ws/build/mypkg/build/lib/mypkg
[0.616s] running install
[0.617s] running install_lib
[0.617s] copying /home/dragonet/ros2_ws/build/mypkg/build/lib/mypkg/listener.py -> /home/dragonet/ros2_ws/install/mypkg/lib/python3.8/site-packages/mypkg
[0.618s] byte-compiling /home/dragonet/ros2_ws/install/mypkg/lib/python3.8/site-packages/mypkg/listener.py to listener.cpython-38.pyc
[0.619s] running install_data
[0.619s] running install_egg_info
[0.620s] removing '/home/dragonet/ros2_ws/install/mypkg/lib/python3.8/site-packages/mypkg-0.0.0-py3.8.egg-info' (and everything under it)
[0.620s] Copying ../../build/mypkg/mypkg.egg-info to /home/dragonet/ros2_ws/install/mypkg/lib/python3.8/site-packages/mypkg-0.0.0-py3.8.egg-info
[0.621s] running install_scripts
[0.631s] Installing listener script to /home/dragonet/ros2_ws/install/mypkg/lib/mypkg
[0.631s] Installing talker script to /home/dragonet/ros2_ws/install/mypkg/lib/mypkg
[0.632s] writing list of installed files to '/home/dragonet/ros2_ws/build/mypkg/install.log'
[0.646s] Invoked command in '/home/dragonet/ros2_ws/src/mypkg' returned '0': PYTHONPATH=/home/dragonet/ros2_ws/build/mypkg/prefix_override:/home/dragonet/ros2_ws/install/mypkg/lib/python3.8/site-packages:${PYTHONPATH} /usr/bin/python3 setup.py egg_info --egg-base ../../build/mypkg build --build-base /home/dragonet/ros2_ws/build/mypkg/build install --record /home/dragonet/ros2_ws/build/mypkg/install.log --install-scripts $base/lib/mypkg --single-version-externally-managed
