[1.072s] DEBUG:colcon:Command line arguments: ['/usr/bin/colcon', 'build']
[1.072s] DEBUG:colcon:Parsed command line arguments: Namespace(allow_overriding=[], ament_cmake_args=None, base_paths=['.'], build_base='build', catkin_cmake_args=None, catkin_skip_building_tests=False, cmake_args=None, cmake_clean_cache=False, cmake_clean_first=False, cmake_force_configure=False, cmake_target=None, cmake_target_skip_unavailable=False, continue_on_error=False, event_handlers=None, executor='parallel', ignore_user_meta=False, install_base='install', log_base=None, log_level=None, main=<bound method BuildVerb.main of <colcon_core.verb.build.BuildVerb object at 0x7f8509a98bb0>>, merge_install=False, metas=['./colcon.meta'], packages_above=None, packages_above_and_dependencies=None, packages_above_depth=None, packages_end=None, packages_ignore=None, packages_ignore_regex=None, packages_select=None, packages_select_build_failed=False, packages_select_by_dep=None, packages_select_regex=None, packages_select_test_failures=False, packages_skip=None, packages_skip_build_finished=False, packages_skip_by_dep=None, packages_skip_regex=None, packages_skip_test_passed=False, packages_skip_up_to=None, packages_start=None, packages_up_to=None, packages_up_to_regex=None, parallel_workers=8, paths=None, symlink_install=False, test_result_base=None, verb_extension=<colcon_core.verb.build.BuildVerb object at 0x7f8509a98bb0>, verb_name='build', verb_parser=<colcon_defaults.argument_parser.defaults.DefaultArgumentsDecorator object at 0x7f85096c23d0>)
[1.124s] Level 1:colcon.colcon_core.package_discovery:discover_packages(colcon_meta) check parameters
[1.124s] Level 1:colcon.colcon_core.package_discovery:discover_packages(recursive) check parameters
[1.124s] Level 1:colcon.colcon_core.package_discovery:discover_packages(ignore) check parameters
[1.124s] Level 1:colcon.colcon_core.package_discovery:discover_packages(path) check parameters
[1.124s] Level 1:colcon.colcon_core.package_discovery:discover_packages(colcon_meta) discover
[1.125s] Level 1:colcon.colcon_core.package_discovery:discover_packages(recursive) discover
[1.125s] INFO:colcon.colcon_core.package_discovery:Crawling recursively for packages in '/home/dragonet/ros2'
[1.125s] Level 1:colcon.colcon_core.package_identification:_identify(.) by extensions ['ignore', 'ignore_ament_install']
[1.125s] Level 1:colcon.colcon_core.package_identification:_identify(.) by extension 'ignore'
[1.125s] Level 1:colcon.colcon_core.package_identification:_identify(.) by extension 'ignore_ament_install'
[1.125s] Level 1:colcon.colcon_core.package_identification:_identify(.) by extensions ['colcon_pkg']
[1.125s] Level 1:colcon.colcon_core.package_identification:_identify(.) by extension 'colcon_pkg'
[1.125s] Level 1:colcon.colcon_core.package_identification:_identify(.) by extensions ['colcon_meta']
[1.125s] Level 1:colcon.colcon_core.package_identification:_identify(.) by extension 'colcon_meta'
[1.125s] Level 1:colcon.colcon_core.package_identification:_identify(.) by extensions ['ros']
[1.125s] Level 1:colcon.colcon_core.package_identification:_identify(.) by extension 'ros'
[1.132s] Level 1:colcon.colcon_core.package_identification:_identify(.) by extensions ['cmake', 'python']
[1.132s] Level 1:colcon.colcon_core.package_identification:_identify(.) by extension 'cmake'
[1.132s] Level 1:colcon.colcon_core.package_identification:_identify(.) by extension 'python'
[1.132s] Level 1:colcon.colcon_core.package_identification:_identify(.) by extensions ['python_setup_py']
[1.132s] Level 1:colcon.colcon_core.package_identification:_identify(.) by extension 'python_setup_py'
[1.132s] Level 1:colcon.colcon_core.package_identification:_identify(build) by extensions ['ignore', 'ignore_ament_install']
[1.132s] Level 1:colcon.colcon_core.package_identification:_identify(build) by extension 'ignore'
[1.132s] Level 1:colcon.colcon_core.package_identification:_identify(build) ignored
[1.132s] Level 1:colcon.colcon_core.package_identification:_identify(install) by extensions ['ignore', 'ignore_ament_install']
[1.132s] Level 1:colcon.colcon_core.package_identification:_identify(install) by extension 'ignore'
[1.132s] Level 1:colcon.colcon_core.package_identification:_identify(install) ignored
[1.132s] Level 1:colcon.colcon_core.package_identification:_identify(log) by extensions ['ignore', 'ignore_ament_install']
[1.132s] Level 1:colcon.colcon_core.package_identification:_identify(log) by extension 'ignore'
[1.132s] Level 1:colcon.colcon_core.package_identification:_identify(log) ignored
[1.132s] Level 1:colcon.colcon_core.package_identification:_identify(src) by extensions ['ignore', 'ignore_ament_install']
[1.132s] Level 1:colcon.colcon_core.package_identification:_identify(src) by extension 'ignore'
[1.133s] Level 1:colcon.colcon_core.package_identification:_identify(src) by extension 'ignore_ament_install'
[1.133s] Level 1:colcon.colcon_core.package_identification:_identify(src) by extensions ['colcon_pkg']
[1.133s] Level 1:colcon.colcon_core.package_identification:_identify(src) by extension 'colcon_pkg'
[1.133s] Level 1:colcon.colcon_core.package_identification:_identify(src) by extensions ['colcon_meta']
[1.133s] Level 1:colcon.colcon_core.package_identification:_identify(src) by extension 'colcon_meta'
[1.133s] Level 1:colcon.colcon_core.package_identification:_identify(src) by extensions ['ros']
[1.133s] Level 1:colcon.colcon_core.package_identification:_identify(src) by extension 'ros'
[1.133s] Level 1:colcon.colcon_core.package_identification:_identify(src) by extensions ['cmake', 'python']
[1.133s] Level 1:colcon.colcon_core.package_identification:_identify(src) by extension 'cmake'
[1.133s] Level 1:colcon.colcon_core.package_identification:_identify(src) by extension 'python'
[1.133s] Level 1:colcon.colcon_core.package_identification:_identify(src) by extensions ['python_setup_py']
[1.133s] Level 1:colcon.colcon_core.package_identification:_identify(src) by extension 'python_setup_py'
[1.133s] Level 1:colcon.colcon_core.package_identification:_identify(src/mypkg) by extensions ['ignore', 'ignore_ament_install']
[1.133s] Level 1:colcon.colcon_core.package_identification:_identify(src/mypkg) by extension 'ignore'
[1.133s] Level 1:colcon.colcon_core.package_identification:_identify(src/mypkg) by extension 'ignore_ament_install'
[1.133s] Level 1:colcon.colcon_core.package_identification:_identify(src/mypkg) by extensions ['colcon_pkg']
[1.133s] Level 1:colcon.colcon_core.package_identification:_identify(src/mypkg) by extension 'colcon_pkg'
[1.133s] Level 1:colcon.colcon_core.package_identification:_identify(src/mypkg) by extensions ['colcon_meta']
[1.133s] Level 1:colcon.colcon_core.package_identification:_identify(src/mypkg) by extension 'colcon_meta'
[1.133s] Level 1:colcon.colcon_core.package_identification:_identify(src/mypkg) by extensions ['ros']
[1.133s] Level 1:colcon.colcon_core.package_identification:_identify(src/mypkg) by extension 'ros'
[1.138s] DEBUG:colcon.colcon_core.package_identification:Package 'src/mypkg' with type 'ros.ament_python' and name 'mypkg'
[1.139s] Level 1:colcon.colcon_core.package_identification:_identify(src/person_msgs) by extensions ['ignore', 'ignore_ament_install']
[1.139s] Level 1:colcon.colcon_core.package_identification:_identify(src/person_msgs) by extension 'ignore'
[1.139s] Level 1:colcon.colcon_core.package_identification:_identify(src/person_msgs) by extension 'ignore_ament_install'
[1.139s] Level 1:colcon.colcon_core.package_identification:_identify(src/person_msgs) by extensions ['colcon_pkg']
[1.139s] Level 1:colcon.colcon_core.package_identification:_identify(src/person_msgs) by extension 'colcon_pkg'
[1.139s] Level 1:colcon.colcon_core.package_identification:_identify(src/person_msgs) by extensions ['colcon_meta']
[1.139s] Level 1:colcon.colcon_core.package_identification:_identify(src/person_msgs) by extension 'colcon_meta'
[1.139s] Level 1:colcon.colcon_core.package_identification:_identify(src/person_msgs) by extensions ['ros']
[1.139s] Level 1:colcon.colcon_core.package_identification:_identify(src/person_msgs) by extension 'ros'
[1.140s] DEBUG:colcon.colcon_core.package_identification:Package 'src/person_msgs' with type 'ros.ament_cmake' and name 'person_msgs'
[1.140s] Level 1:colcon.colcon_core.package_discovery:discover_packages(recursive) using defaults
[1.140s] Level 1:colcon.colcon_core.package_discovery:discover_packages(ignore) discover
[1.140s] Level 1:colcon.colcon_core.package_discovery:discover_packages(ignore) using defaults
[1.140s] Level 1:colcon.colcon_core.package_discovery:discover_packages(path) discover
[1.140s] Level 1:colcon.colcon_core.package_discovery:discover_packages(path) using defaults
[1.231s] Level 1:colcon.colcon_core.package_discovery:discover_packages(prefix_path) check parameters
[1.231s] Level 1:colcon.colcon_core.package_discovery:discover_packages(prefix_path) discover
[1.264s] DEBUG:colcon.colcon_installed_package_information.package_discovery:Found 2 installed packages in /home/dragonet/ros2_ws/install
[1.280s] DEBUG:colcon.colcon_installed_package_information.package_discovery:Found 256 installed packages in /opt/ros/foxy
[1.281s] Level 1:colcon.colcon_core.package_discovery:discover_packages(prefix_path) using defaults
[1.363s] Level 5:colcon.colcon_core.verb:set package 'mypkg' build argument 'cmake_args' from command line to 'None'
[1.363s] Level 5:colcon.colcon_core.verb:set package 'mypkg' build argument 'cmake_target' from command line to 'None'
[1.363s] Level 5:colcon.colcon_core.verb:set package 'mypkg' build argument 'cmake_target_skip_unavailable' from command line to 'False'
[1.363s] Level 5:colcon.colcon_core.verb:set package 'mypkg' build argument 'cmake_clean_cache' from command line to 'False'
[1.363s] Level 5:colcon.colcon_core.verb:set package 'mypkg' build argument 'cmake_clean_first' from command line to 'False'
[1.363s] Level 5:colcon.colcon_core.verb:set package 'mypkg' build argument 'cmake_force_configure' from command line to 'False'
[1.363s] Level 5:colcon.colcon_core.verb:set package 'mypkg' build argument 'ament_cmake_args' from command line to 'None'
[1.363s] Level 5:colcon.colcon_core.verb:set package 'mypkg' build argument 'catkin_cmake_args' from command line to 'None'
[1.363s] Level 5:colcon.colcon_core.verb:set package 'mypkg' build argument 'catkin_skip_building_tests' from command line to 'False'
[1.363s] DEBUG:colcon.colcon_core.verb:Building package 'mypkg' with the following arguments: {'ament_cmake_args': None, 'build_base': '/home/dragonet/ros2/build/mypkg', 'catkin_cmake_args': None, 'catkin_skip_building_tests': False, 'cmake_args': None, 'cmake_clean_cache': False, 'cmake_clean_first': False, 'cmake_force_configure': False, 'cmake_target': None, 'cmake_target_skip_unavailable': False, 'install_base': '/home/dragonet/ros2/install/mypkg', 'merge_install': False, 'path': '/home/dragonet/ros2/src/mypkg', 'symlink_install': False, 'test_result_base': None}
[1.379s] Level 5:colcon.colcon_core.verb:set package 'person_msgs' build argument 'cmake_args' from command line to 'None'
[1.379s] Level 5:colcon.colcon_core.verb:set package 'person_msgs' build argument 'cmake_target' from command line to 'None'
[1.379s] Level 5:colcon.colcon_core.verb:set package 'person_msgs' build argument 'cmake_target_skip_unavailable' from command line to 'False'
[1.379s] Level 5:colcon.colcon_core.verb:set package 'person_msgs' build argument 'cmake_clean_cache' from command line to 'False'
[1.379s] Level 5:colcon.colcon_core.verb:set package 'person_msgs' build argument 'cmake_clean_first' from command line to 'False'
[1.379s] Level 5:colcon.colcon_core.verb:set package 'person_msgs' build argument 'cmake_force_configure' from command line to 'False'
[1.379s] Level 5:colcon.colcon_core.verb:set package 'person_msgs' build argument 'ament_cmake_args' from command line to 'None'
[1.379s] Level 5:colcon.colcon_core.verb:set package 'person_msgs' build argument 'catkin_cmake_args' from command line to 'None'
[1.379s] Level 5:colcon.colcon_core.verb:set package 'person_msgs' build argument 'catkin_skip_building_tests' from command line to 'False'
[1.379s] DEBUG:colcon.colcon_core.verb:Building package 'person_msgs' with the following arguments: {'ament_cmake_args': None, 'build_base': '/home/dragonet/ros2/build/person_msgs', 'catkin_cmake_args': None, 'catkin_skip_building_tests': False, 'cmake_args': None, 'cmake_clean_cache': False, 'cmake_clean_first': False, 'cmake_force_configure': False, 'cmake_target': None, 'cmake_target_skip_unavailable': False, 'install_base': '/home/dragonet/ros2/install/person_msgs', 'merge_install': False, 'path': '/home/dragonet/ros2/src/person_msgs', 'symlink_install': False, 'test_result_base': None}
[1.395s] INFO:colcon.colcon_core.executor:Executing jobs using 'parallel' executor
[1.412s] DEBUG:colcon.colcon_parallel_executor.executor.parallel:run_until_complete
[1.413s] INFO:colcon.colcon_ros.task.ament_python.build:Building ROS package in '/home/dragonet/ros2/src/mypkg' with build type 'ament_python'
[1.413s] Level 1:colcon.colcon_core.shell:create_environment_hook('mypkg', 'ament_prefix_path')
[1.430s] INFO:colcon.colcon_core.plugin_system:Skipping extension 'colcon_core.shell.bat': Not used on non-Windows systems
[1.430s] INFO:colcon.colcon_core.shell:Creating environment hook '/home/dragonet/ros2/install/mypkg/share/mypkg/hook/ament_prefix_path.ps1'
[1.433s] INFO:colcon.colcon_core.shell:Creating environment descriptor '/home/dragonet/ros2/install/mypkg/share/mypkg/hook/ament_prefix_path.dsv'
[1.433s] INFO:colcon.colcon_core.shell:Creating environment hook '/home/dragonet/ros2/install/mypkg/share/mypkg/hook/ament_prefix_path.sh'
[1.452s] INFO:colcon.colcon_core.shell:Skip shell extension 'powershell' for command environment: Not usable outside of PowerShell
[1.452s] DEBUG:colcon.colcon_core.shell:Skip shell extension 'dsv' for command environment
[1.507s] INFO:colcon.colcon_ros.task.ament_cmake.build:Building ROS package in '/home/dragonet/ros2/src/person_msgs' with build type 'ament_cmake'
[1.507s] INFO:colcon.colcon_cmake.task.cmake.build:Building CMake package in '/home/dragonet/ros2/src/person_msgs'
[1.527s] INFO:colcon.colcon_core.shell:Skip shell extension 'powershell' for command environment: Not usable outside of PowerShell
[1.527s] DEBUG:colcon.colcon_core.shell:Skip shell extension 'dsv' for command environment
[1.720s] INFO:colcon.colcon_core.task.python.build:Building Python package in '/home/dragonet/ros2/src/mypkg'
[1.738s] INFO:colcon.colcon_core.shell:Skip shell extension 'powershell' for command environment: Not usable outside of PowerShell
[1.738s] DEBUG:colcon.colcon_core.shell:Skip shell extension 'dsv' for command environment
[1.802s] DEBUG:colcon.colcon_core.event_handler.log_command:Invoking command in '/home/dragonet/ros2/build/person_msgs': CMAKE_PREFIX_PATH=${CMAKE_PREFIX_PATH}:/home/dragonet/ros2_ws/install/mypkg:/opt/ros/foxy /usr/bin/cmake /home/dragonet/ros2/src/person_msgs -DCMAKE_INSTALL_PREFIX=/home/dragonet/ros2/install/person_msgs
[2.102s] DEBUG:colcon.colcon_core.event_handler.log_command:Invoking command in '/home/dragonet/ros2/src/mypkg': PYTHONPATH=/home/dragonet/ros2/build/mypkg/prefix_override:/home/dragonet/ros2/install/mypkg/lib/python3.8/site-packages:${PYTHONPATH} /usr/bin/python3 setup.py egg_info --egg-base ../../build/mypkg build --build-base /home/dragonet/ros2/build/mypkg/build install --record /home/dragonet/ros2/build/mypkg/install.log --install-scripts $base/lib/mypkg --single-version-externally-managed
[2.291s] DEBUG:colcon.colcon_core.event_handler.log_command:Invoked command in '/home/dragonet/ros2/src/mypkg' returned '0': PYTHONPATH=/home/dragonet/ros2/build/mypkg/prefix_override:/home/dragonet/ros2/install/mypkg/lib/python3.8/site-packages:${PYTHONPATH} /usr/bin/python3 setup.py egg_info --egg-base ../../build/mypkg build --build-base /home/dragonet/ros2/build/mypkg/build install --record /home/dragonet/ros2/build/mypkg/install.log --install-scripts $base/lib/mypkg --single-version-externally-managed
[2.313s] Level 1:colcon.colcon_core.environment:checking '/home/dragonet/ros2/install/mypkg' for CMake module files
[2.313s] Level 1:colcon.colcon_core.environment:checking '/home/dragonet/ros2/install/mypkg' for CMake config files
[2.314s] Level 1:colcon.colcon_core.environment:checking '/home/dragonet/ros2/install/mypkg/lib'
[2.314s] Level 1:colcon.colcon_core.environment:checking '/home/dragonet/ros2/install/mypkg/bin'
[2.314s] Level 1:colcon.colcon_core.environment:checking '/home/dragonet/ros2/install/mypkg/lib/pkgconfig/mypkg.pc'
[2.314s] Level 1:colcon.colcon_core.environment:checking '/home/dragonet/ros2/install/mypkg/lib/python3.8/site-packages'
[2.314s] Level 1:colcon.colcon_core.shell:create_environment_hook('mypkg', 'pythonpath')
[2.335s] INFO:colcon.colcon_core.shell:Creating environment hook '/home/dragonet/ros2/install/mypkg/share/mypkg/hook/pythonpath.ps1'
[2.336s] INFO:colcon.colcon_core.shell:Creating environment descriptor '/home/dragonet/ros2/install/mypkg/share/mypkg/hook/pythonpath.dsv'
[2.336s] INFO:colcon.colcon_core.shell:Creating environment hook '/home/dragonet/ros2/install/mypkg/share/mypkg/hook/pythonpath.sh'
[2.336s] Level 1:colcon.colcon_core.environment:checking '/home/dragonet/ros2/install/mypkg/bin'
[2.336s] Level 1:colcon.colcon_core.environment:create_environment_scripts_only(mypkg)
[2.356s] INFO:colcon.colcon_core.shell:Creating package script '/home/dragonet/ros2/install/mypkg/share/mypkg/package.ps1'
[2.356s] INFO:colcon.colcon_core.shell:Creating package descriptor '/home/dragonet/ros2/install/mypkg/share/mypkg/package.dsv'
[2.357s] INFO:colcon.colcon_core.shell:Creating package script '/home/dragonet/ros2/install/mypkg/share/mypkg/package.sh'
[2.357s] INFO:colcon.colcon_core.shell:Creating package script '/home/dragonet/ros2/install/mypkg/share/mypkg/package.bash'
[2.358s] INFO:colcon.colcon_core.shell:Creating package script '/home/dragonet/ros2/install/mypkg/share/mypkg/package.zsh'
[2.358s] Level 1:colcon.colcon_core.environment:create_file_with_runtime_dependencies(/home/dragonet/ros2/install/mypkg/share/colcon-core/packages/mypkg)
[6.636s] DEBUG:colcon.colcon_core.event_handler.log_command:Invoked command in '/home/dragonet/ros2/build/person_msgs' returned '0': CMAKE_PREFIX_PATH=${CMAKE_PREFIX_PATH}:/home/dragonet/ros2_ws/install/mypkg:/opt/ros/foxy /usr/bin/cmake /home/dragonet/ros2/src/person_msgs -DCMAKE_INSTALL_PREFIX=/home/dragonet/ros2/install/person_msgs
[6.638s] DEBUG:colcon.colcon_core.event_handler.log_command:Invoking command in '/home/dragonet/ros2/build/person_msgs': CMAKE_PREFIX_PATH=${CMAKE_PREFIX_PATH}:/home/dragonet/ros2_ws/install/mypkg:/opt/ros/foxy /usr/bin/cmake --build /home/dragonet/ros2/build/person_msgs -- -j8 -l8
[8.696s] DEBUG:colcon.colcon_core.event_handler.log_command:Invoked command in '/home/dragonet/ros2/build/person_msgs' returned '0': CMAKE_PREFIX_PATH=${CMAKE_PREFIX_PATH}:/home/dragonet/ros2_ws/install/mypkg:/opt/ros/foxy /usr/bin/cmake --build /home/dragonet/ros2/build/person_msgs -- -j8 -l8
[8.739s] DEBUG:colcon.colcon_core.event_handler.log_command:Invoking command in '/home/dragonet/ros2/build/person_msgs': CMAKE_PREFIX_PATH=${CMAKE_PREFIX_PATH}:/home/dragonet/ros2_ws/install/mypkg:/opt/ros/foxy /usr/bin/cmake --install /home/dragonet/ros2/build/person_msgs
[8.781s] Level 1:colcon.colcon_core.environment:create_environment_scripts_only(person_msgs)
[8.782s] DEBUG:colcon.colcon_core.event_handler.log_command:Invoked command in '/home/dragonet/ros2/build/person_msgs' returned '0': CMAKE_PREFIX_PATH=${CMAKE_PREFIX_PATH}:/home/dragonet/ros2_ws/install/mypkg:/opt/ros/foxy /usr/bin/cmake --install /home/dragonet/ros2/build/person_msgs
[8.800s] Level 1:colcon.colcon_core.environment:checking '/home/dragonet/ros2/install/person_msgs' for CMake module files
[8.800s] Level 1:colcon.colcon_core.environment:checking '/home/dragonet/ros2/install/person_msgs' for CMake config files
[8.801s] Level 1:colcon.colcon_core.shell:create_environment_hook('person_msgs', 'cmake_prefix_path')
[8.817s] INFO:colcon.colcon_core.shell:Creating environment hook '/home/dragonet/ros2/install/person_msgs/share/person_msgs/hook/cmake_prefix_path.ps1'
[8.818s] INFO:colcon.colcon_core.shell:Creating environment descriptor '/home/dragonet/ros2/install/person_msgs/share/person_msgs/hook/cmake_prefix_path.dsv'
[8.818s] INFO:colcon.colcon_core.shell:Creating environment hook '/home/dragonet/ros2/install/person_msgs/share/person_msgs/hook/cmake_prefix_path.sh'
[8.818s] Level 1:colcon.colcon_core.environment:checking '/home/dragonet/ros2/install/person_msgs/lib'
[8.818s] Level 1:colcon.colcon_core.shell:create_environment_hook('person_msgs', 'ld_library_path_lib')
[8.835s] INFO:colcon.colcon_core.shell:Creating environment hook '/home/dragonet/ros2/install/person_msgs/share/person_msgs/hook/ld_library_path_lib.ps1'
[8.836s] INFO:colcon.colcon_core.shell:Creating environment descriptor '/home/dragonet/ros2/install/person_msgs/share/person_msgs/hook/ld_library_path_lib.dsv'
[8.836s] INFO:colcon.colcon_core.shell:Creating environment hook '/home/dragonet/ros2/install/person_msgs/share/person_msgs/hook/ld_library_path_lib.sh'
[8.836s] Level 1:colcon.colcon_core.environment:checking '/home/dragonet/ros2/install/person_msgs/bin'
[8.836s] Level 1:colcon.colcon_core.environment:checking '/home/dragonet/ros2/install/person_msgs/lib/pkgconfig/person_msgs.pc'
[8.836s] Level 1:colcon.colcon_core.environment:checking '/home/dragonet/ros2/install/person_msgs/lib/python3.8/site-packages'
[8.836s] Level 1:colcon.colcon_core.shell:create_environment_hook('person_msgs', 'pythonpath')
[8.853s] INFO:colcon.colcon_core.shell:Creating environment hook '/home/dragonet/ros2/install/person_msgs/share/person_msgs/hook/pythonpath.ps1'
[8.854s] INFO:colcon.colcon_core.shell:Creating environment descriptor '/home/dragonet/ros2/install/person_msgs/share/person_msgs/hook/pythonpath.dsv'
[8.854s] INFO:colcon.colcon_core.shell:Creating environment hook '/home/dragonet/ros2/install/person_msgs/share/person_msgs/hook/pythonpath.sh'
[8.854s] Level 1:colcon.colcon_core.environment:checking '/home/dragonet/ros2/install/person_msgs/bin'
[8.873s] INFO:colcon.colcon_core.shell:Creating package script '/home/dragonet/ros2/install/person_msgs/share/person_msgs/package.ps1'
[8.873s] INFO:colcon.colcon_core.shell:Creating package descriptor '/home/dragonet/ros2/install/person_msgs/share/person_msgs/package.dsv'
[8.873s] INFO:colcon.colcon_core.shell:Creating package script '/home/dragonet/ros2/install/person_msgs/share/person_msgs/package.sh'
[8.874s] INFO:colcon.colcon_core.shell:Creating package script '/home/dragonet/ros2/install/person_msgs/share/person_msgs/package.bash'
[8.874s] INFO:colcon.colcon_core.shell:Creating package script '/home/dragonet/ros2/install/person_msgs/share/person_msgs/package.zsh'
[8.874s] Level 1:colcon.colcon_core.environment:create_file_with_runtime_dependencies(/home/dragonet/ros2/install/person_msgs/share/colcon-core/packages/person_msgs)
[8.928s] Level 1:colcon.colcon_core.environment:create_environment_scripts_only(person_msgs)
[8.946s] Level 1:colcon.colcon_core.environment:checking '/home/dragonet/ros2/install/person_msgs' for CMake module files
[8.946s] Level 1:colcon.colcon_core.environment:checking '/home/dragonet/ros2/install/person_msgs' for CMake config files
[8.947s] Level 1:colcon.colcon_core.shell:create_environment_hook('person_msgs', 'cmake_prefix_path')
[8.964s] INFO:colcon.colcon_core.shell:Creating environment hook '/home/dragonet/ros2/install/person_msgs/share/person_msgs/hook/cmake_prefix_path.ps1'
[8.964s] INFO:colcon.colcon_core.shell:Creating environment descriptor '/home/dragonet/ros2/install/person_msgs/share/person_msgs/hook/cmake_prefix_path.dsv'
[8.964s] INFO:colcon.colcon_core.shell:Creating environment hook '/home/dragonet/ros2/install/person_msgs/share/person_msgs/hook/cmake_prefix_path.sh'
[8.965s] Level 1:colcon.colcon_core.environment:checking '/home/dragonet/ros2/install/person_msgs/lib'
[8.965s] Level 1:colcon.colcon_core.shell:create_environment_hook('person_msgs', 'ld_library_path_lib')
[8.983s] INFO:colcon.colcon_core.shell:Creating environment hook '/home/dragonet/ros2/install/person_msgs/share/person_msgs/hook/ld_library_path_lib.ps1'
[8.983s] INFO:colcon.colcon_core.shell:Creating environment descriptor '/home/dragonet/ros2/install/person_msgs/share/person_msgs/hook/ld_library_path_lib.dsv'
[8.983s] INFO:colcon.colcon_core.shell:Creating environment hook '/home/dragonet/ros2/install/person_msgs/share/person_msgs/hook/ld_library_path_lib.sh'
[8.984s] Level 1:colcon.colcon_core.environment:checking '/home/dragonet/ros2/install/person_msgs/bin'
[8.984s] Level 1:colcon.colcon_core.environment:checking '/home/dragonet/ros2/install/person_msgs/lib/pkgconfig/person_msgs.pc'
[8.984s] Level 1:colcon.colcon_core.environment:checking '/home/dragonet/ros2/install/person_msgs/lib/python3.8/site-packages'
[8.984s] Level 1:colcon.colcon_core.shell:create_environment_hook('person_msgs', 'pythonpath')
[9.002s] INFO:colcon.colcon_core.shell:Creating environment hook '/home/dragonet/ros2/install/person_msgs/share/person_msgs/hook/pythonpath.ps1'
[9.002s] INFO:colcon.colcon_core.shell:Creating environment descriptor '/home/dragonet/ros2/install/person_msgs/share/person_msgs/hook/pythonpath.dsv'
[9.002s] INFO:colcon.colcon_core.shell:Creating environment hook '/home/dragonet/ros2/install/person_msgs/share/person_msgs/hook/pythonpath.sh'
[9.002s] Level 1:colcon.colcon_core.environment:checking '/home/dragonet/ros2/install/person_msgs/bin'
[9.019s] INFO:colcon.colcon_core.shell:Creating package script '/home/dragonet/ros2/install/person_msgs/share/person_msgs/package.ps1'
[9.019s] INFO:colcon.colcon_core.shell:Creating package descriptor '/home/dragonet/ros2/install/person_msgs/share/person_msgs/package.dsv'
[9.020s] INFO:colcon.colcon_core.shell:Creating package script '/home/dragonet/ros2/install/person_msgs/share/person_msgs/package.sh'
[9.020s] INFO:colcon.colcon_core.shell:Creating package script '/home/dragonet/ros2/install/person_msgs/share/person_msgs/package.bash'
[9.020s] INFO:colcon.colcon_core.shell:Creating package script '/home/dragonet/ros2/install/person_msgs/share/person_msgs/package.zsh'
[9.020s] Level 1:colcon.colcon_core.environment:create_file_with_runtime_dependencies(/home/dragonet/ros2/install/person_msgs/share/colcon-core/packages/person_msgs)
[9.021s] DEBUG:colcon.colcon_parallel_executor.executor.parallel:closing loop
[9.021s] DEBUG:colcon.colcon_parallel_executor.executor.parallel:loop closed
[9.022s] DEBUG:colcon.colcon_parallel_executor.executor.parallel:run_until_complete finished with '0'
[9.022s] DEBUG:colcon.colcon_core.event_reactor:joining thread
[9.062s] INFO:colcon.colcon_core.plugin_system:Skipping extension 'colcon_notification.desktop_notification.notify_send': Could not find 'notify-send'
[9.062s] INFO:colcon.colcon_core.plugin_system:Skipping extension 'colcon_notification.desktop_notification.terminal_notifier': Not used on non-Darwin systems
[9.062s] INFO:colcon.colcon_core.plugin_system:Skipping extension 'colcon_notification.desktop_notification.win32': Not used on non-Windows systems
[9.062s] INFO:colcon.colcon_notification.desktop_notification:Sending desktop notification using 'notify2'
[9.067s] DEBUG:colcon.colcon_notification.desktop_notification.notify2:Failed to initialize notify2: org.freedesktop.DBus.Error.ServiceUnknown: The name org.freedesktop.Notifications was not provided by any .service files
[9.068s] DEBUG:colcon.colcon_core.event_reactor:joined thread
[9.086s] INFO:colcon.colcon_core.shell:Creating prefix script '/home/dragonet/ros2/install/local_setup.ps1'
[9.087s] INFO:colcon.colcon_core.shell:Creating prefix util module '/home/dragonet/ros2/install/_local_setup_util_ps1.py'
[9.088s] INFO:colcon.colcon_core.shell:Creating prefix chain script '/home/dragonet/ros2/install/setup.ps1'
[9.106s] INFO:colcon.colcon_core.shell:Creating prefix script '/home/dragonet/ros2/install/local_setup.sh'
[9.106s] INFO:colcon.colcon_core.shell:Creating prefix util module '/home/dragonet/ros2/install/_local_setup_util_sh.py'
[9.106s] INFO:colcon.colcon_core.shell:Creating prefix chain script '/home/dragonet/ros2/install/setup.sh'
[9.124s] INFO:colcon.colcon_core.shell:Creating prefix script '/home/dragonet/ros2/install/local_setup.bash'
[9.124s] INFO:colcon.colcon_core.shell:Creating prefix chain script '/home/dragonet/ros2/install/setup.bash'
[9.142s] INFO:colcon.colcon_core.shell:Creating prefix script '/home/dragonet/ros2/install/local_setup.zsh'
[9.143s] INFO:colcon.colcon_core.shell:Creating prefix chain script '/home/dragonet/ros2/install/setup.zsh'
