[0.715s] Invoking command in '/home/dragonet/ros2/src/mypkg': PYTHONPATH=/home/dragonet/ros2/build/mypkg/prefix_override:/home/dragonet/ros2/install/mypkg/lib/python3.8/site-packages:${PYTHONPATH} /usr/bin/python3 setup.py egg_info --egg-base ../../build/mypkg build --build-base /home/dragonet/ros2/build/mypkg/build install --record /home/dragonet/ros2/build/mypkg/install.log --install-scripts $base/lib/mypkg --single-version-externally-managed
[0.834s] running egg_info
[0.834s] writing ../../build/mypkg/mypkg.egg-info/PKG-INFO
[0.834s] writing dependency_links to ../../build/mypkg/mypkg.egg-info/dependency_links.txt
[0.835s] writing entry points to ../../build/mypkg/mypkg.egg-info/entry_points.txt
[0.835s] writing requirements to ../../build/mypkg/mypkg.egg-info/requires.txt
[0.835s] writing top-level names to ../../build/mypkg/mypkg.egg-info/top_level.txt
[0.857s] reading manifest file '../../build/mypkg/mypkg.egg-info/SOURCES.txt'
[0.857s] writing manifest file '../../build/mypkg/mypkg.egg-info/SOURCES.txt'
[0.857s] running build
[0.857s] running build_py
[0.858s] copying mypkg/listener.py -> /home/dragonet/ros2/build/mypkg/build/lib/mypkg
[0.858s] running install
[0.858s] running install_lib
[0.858s] copying /home/dragonet/ros2/build/mypkg/build/lib/mypkg/listener.py -> /home/dragonet/ros2/install/mypkg/lib/python3.8/site-packages/mypkg
[0.858s] byte-compiling /home/dragonet/ros2/install/mypkg/lib/python3.8/site-packages/mypkg/listener.py to listener.cpython-38.pyc
[0.859s] running install_data
[0.860s] running install_egg_info
[0.862s] removing '/home/dragonet/ros2/install/mypkg/lib/python3.8/site-packages/mypkg-0.0.0-py3.8.egg-info' (and everything under it)
[0.862s] Copying ../../build/mypkg/mypkg.egg-info to /home/dragonet/ros2/install/mypkg/lib/python3.8/site-packages/mypkg-0.0.0-py3.8.egg-info
[0.862s] running install_scripts
[0.872s] Installing listener script to /home/dragonet/ros2/install/mypkg/lib/mypkg
[0.873s] Installing talker script to /home/dragonet/ros2/install/mypkg/lib/mypkg
[0.873s] writing list of installed files to '/home/dragonet/ros2/build/mypkg/install.log'
[0.886s] Invoked command in '/home/dragonet/ros2/src/mypkg' returned '0': PYTHONPATH=/home/dragonet/ros2/build/mypkg/prefix_override:/home/dragonet/ros2/install/mypkg/lib/python3.8/site-packages:${PYTHONPATH} /usr/bin/python3 setup.py egg_info --egg-base ../../build/mypkg build --build-base /home/dragonet/ros2/build/mypkg/build install --record /home/dragonet/ros2/build/mypkg/install.log --install-scripts $base/lib/mypkg --single-version-externally-managed
