[0.279s] Invoking command in '/home/dragonet/ros2_ws/build/person_msgs': CMAKE_PREFIX_PATH=/home/dragonet/ros2_ws/install/mypkg:/opt/ros/foxy /usr/bin/cmake /home/dragonet/ros2_ws/src/person_msgs -DCMAKE_INSTALL_PREFIX=/home/dragonet/ros2_ws/install/person_msgs
[0.586s] -- The C compiler identification is GNU 9.4.0
[0.812s] -- The CXX compiler identification is GNU 9.4.0
[0.867s] -- Check for working C compiler: /usr/bin/cc
[0.951s] -- Check for working C compiler: /usr/bin/cc -- works
[0.953s] -- Detecting C compiler ABI info
[1.027s] -- Detecting C compiler ABI info - done
[1.035s] -- Detecting C compile features
[1.035s] -- Detecting C compile features - done
[1.038s] -- Check for working CXX compiler: /usr/bin/c++
[1.122s] -- Check for working CXX compiler: /usr/bin/c++ -- works
[1.122s] -- Detecting CXX compiler ABI info
[1.194s] -- Detecting CXX compiler ABI info - done
[1.201s] -- Detecting CXX compile features
[1.201s] -- Detecting CXX compile features - done
[1.206s] -- Found ament_cmake: 0.9.12 (/opt/ros/foxy/share/ament_cmake/cmake)
[1.225s] -- Found PythonInterp: /usr/bin/python3 (found suitable version "3.8.10", minimum required is "3") 
[1.225s] -- Using PYTHON_EXECUTABLE: /usr/bin/python3
[1.360s] -- Found rosidl_default_generators: 1.0.1 (/opt/ros/foxy/share/rosidl_default_generators/cmake)
[1.366s] -- Using all available rosidl_typesupport_c: rosidl_typesupport_fastrtps_c;rosidl_typesupport_introspection_c
[1.374s] -- Found rosidl_adapter: 1.3.1 (/opt/ros/foxy/share/rosidl_adapter/cmake)
[1.830s] -- Found OpenSSL: /usr/lib/x86_64-linux-gnu/libcrypto.so (found version "1.1.1f")  
[2.205s] -- Found FastRTPS: /opt/ros/foxy/include  
[2.849s] -- Using all available rosidl_typesupport_cpp: rosidl_typesupport_fastrtps_cpp;rosidl_typesupport_introspection_cpp
[2.885s] -- Found PythonInterp: /usr/bin/python3 (found version "3.8.10") 
[2.970s] -- Found ament_cmake_ros: 0.9.2 (/opt/ros/foxy/share/ament_cmake_ros/cmake)
[4.494s] -- Using all available rosidl_typesupport_c: rosidl_typesupport_fastrtps_c;rosidl_typesupport_introspection_c
[4.501s] -- Using all available rosidl_typesupport_cpp: rosidl_typesupport_fastrtps_cpp;rosidl_typesupport_introspection_cpp
[4.515s] -- Found PythonInterp: /usr/bin/python3 (found suitable version "3.8.10", minimum required is "3.5") 
[4.516s] -- Found python_cmake_module: 0.8.1 (/opt/ros/foxy/share/python_cmake_module/cmake)
[4.679s] -- Found PythonLibs: /usr/lib/x86_64-linux-gnu/libpython3.8.so (found suitable version "3.8.10", minimum required is "3.5") 
[4.679s] -- Using PYTHON_EXECUTABLE: /usr/bin/python3
[4.679s] -- Using PYTHON_INCLUDE_DIRS: /usr/include/python3.8
[4.679s] -- Using PYTHON_LIBRARIES: /usr/lib/x86_64-linux-gnu/libpython3.8.so
[4.693s] -- Found PythonExtra: .so  
[4.737s] -- Found ament_lint_auto: 0.9.8 (/opt/ros/foxy/share/ament_lint_auto/cmake)
[4.764s] -- Added test 'copyright' to check source files copyright and LICENSE
[4.766s] -- Added test 'lint_cmake' to check CMake code style
[4.768s] -- Added test 'xmllint' to check XML markup files
[4.772s] -- Configuring done
[4.791s] -- Generating done
[4.792s] -- Build files have been written to: /home/dragonet/ros2_ws/build/person_msgs
[4.797s] Invoked command in '/home/dragonet/ros2_ws/build/person_msgs' returned '0': CMAKE_PREFIX_PATH=/home/dragonet/ros2_ws/install/mypkg:/opt/ros/foxy /usr/bin/cmake /home/dragonet/ros2_ws/src/person_msgs -DCMAKE_INSTALL_PREFIX=/home/dragonet/ros2_ws/install/person_msgs
[4.799s] Invoking command in '/home/dragonet/ros2_ws/build/person_msgs': CMAKE_PREFIX_PATH=/home/dragonet/ros2_ws/install/mypkg:/opt/ros/foxy /usr/bin/cmake --build /home/dragonet/ros2_ws/build/person_msgs -- -j8 -l8
[4.826s] [  3%] [34m[1mGenerating C code for ROS interfaces[0m
[4.826s] [35m[1mScanning dependencies of target person_msgs__cpp[0m
[4.833s] [  6%] [34m[1mGenerating C++ code for ROS interfaces[0m
[4.981s] [35m[1mScanning dependencies of target person_msgs__rosidl_generator_c[0m
[4.989s] [  6%] Built target person_msgs__cpp
[4.997s] [ 16%] [34m[1mGenerating C++ type support for eProsima Fast-RTPS[0m
[4.997s] [ 16%] [34m[1mGenerating C++ introspection for ROS interfaces[0m
[4.997s] [ 16%] [34m[1mGenerating C++ type support dispatch for ROS interfaces[0m
[4.997s] [ 19%] [32mBuilding C object CMakeFiles/person_msgs__rosidl_generator_c.dir/rosidl_generator_c/person_msgs/msg/detail/person__functions.c.o[0m
[5.067s] [ 22%] [32m[1mLinking C shared library libperson_msgs__rosidl_generator_c.so[0m
[5.128s] [ 22%] Built target person_msgs__rosidl_generator_c
[5.137s] [ 25%] [34m[1mGenerating C introspection for ROS interfaces[0m
[5.137s] [ 29%] [34m[1mGenerating C type support dispatch for ROS interfaces[0m
[5.161s] [35m[1mScanning dependencies of target person_msgs__rosidl_typesupport_cpp[0m
[5.176s] [ 32%] [32mBuilding CXX object CMakeFiles/person_msgs__rosidl_typesupport_cpp.dir/rosidl_typesupport_cpp/person_msgs/msg/person__type_support.cpp.o[0m
[5.183s] [35m[1mScanning dependencies of target person_msgs__rosidl_typesupport_fastrtps_cpp[0m
[5.197s] [35m[1mScanning dependencies of target person_msgs__rosidl_typesupport_introspection_cpp[0m
[5.200s] [ 35%] [32mBuilding CXX object CMakeFiles/person_msgs__rosidl_typesupport_fastrtps_cpp.dir/rosidl_typesupport_fastrtps_cpp/person_msgs/msg/detail/dds_fastrtps/person__type_support.cpp.o[0m
[5.209s] [ 38%] [32mBuilding CXX object CMakeFiles/person_msgs__rosidl_typesupport_introspection_cpp.dir/rosidl_typesupport_introspection_cpp/person_msgs/msg/detail/person__type_support.cpp.o[0m
[5.305s] [35m[1mScanning dependencies of target person_msgs__rosidl_typesupport_c[0m
[5.314s] [ 41%] [32mBuilding CXX object CMakeFiles/person_msgs__rosidl_typesupport_c.dir/rosidl_typesupport_c/person_msgs/msg/person__type_support.cpp.o[0m
[5.325s] [35m[1mScanning dependencies of target person_msgs__rosidl_typesupport_introspection_c[0m
[5.337s] [ 45%] [32mBuilding C object CMakeFiles/person_msgs__rosidl_typesupport_introspection_c.dir/rosidl_typesupport_introspection_c/person_msgs/msg/detail/person__type_support.c.o[0m
[5.343s] [ 48%] [32m[1mLinking CXX shared library libperson_msgs__rosidl_typesupport_c.so[0m
[5.370s] [ 51%] [32m[1mLinking C shared library libperson_msgs__rosidl_typesupport_introspection_c.so[0m
[5.420s] [ 51%] Built target person_msgs__rosidl_typesupport_c
[5.430s] [ 51%] Built target person_msgs__rosidl_typesupport_introspection_c
[5.465s] [ 54%] [32m[1mLinking CXX shared library libperson_msgs__rosidl_typesupport_cpp.so[0m
[5.477s] [ 58%] [32m[1mLinking CXX shared library libperson_msgs__rosidl_typesupport_introspection_cpp.so[0m
[5.538s] [ 58%] Built target person_msgs__rosidl_typesupport_cpp
[5.556s] [ 58%] Built target person_msgs__rosidl_typesupport_introspection_cpp
[5.573s] [ 61%] [32m[1mLinking CXX shared library libperson_msgs__rosidl_typesupport_fastrtps_cpp.so[0m
[5.652s] [ 61%] Built target person_msgs__rosidl_typesupport_fastrtps_cpp
[5.659s] [ 64%] [34m[1mGenerating C type support for eProsima Fast-RTPS[0m
[5.790s] [35m[1mScanning dependencies of target person_msgs__rosidl_typesupport_fastrtps_c[0m
[5.802s] [ 67%] [32mBuilding CXX object CMakeFiles/person_msgs__rosidl_typesupport_fastrtps_c.dir/rosidl_typesupport_fastrtps_c/person_msgs/msg/detail/person__type_support_c.cpp.o[0m
[6.003s] [ 70%] [32m[1mLinking CXX shared library libperson_msgs__rosidl_typesupport_fastrtps_c.so[0m
[6.084s] [ 70%] Built target person_msgs__rosidl_typesupport_fastrtps_c
[6.091s] [35m[1mScanning dependencies of target person_msgs[0m
[6.098s] [ 70%] Built target person_msgs
[6.105s] [35m[1mScanning dependencies of target person_msgs__py[0m
[6.113s] [ 74%] [34m[1mGenerating Python code for ROS interfaces[0m
[6.344s] [ 74%] Built target person_msgs__py
[6.351s] [35m[1mScanning dependencies of target person_msgs__python[0m
[6.387s] [ 77%] [32mBuilding C object CMakeFiles/person_msgs__python.dir/rosidl_generator_py/person_msgs/msg/_person_s.c.o[0m
[6.456s] [ 80%] [32m[1mLinking C shared library rosidl_generator_py/person_msgs/libperson_msgs__python.so[0m
[6.510s] [ 80%] Built target person_msgs__python
[6.517s] [35m[1mScanning dependencies of target person_msgs__rosidl_typesupport_c__pyext[0m
[6.517s] [35m[1mScanning dependencies of target person_msgs__rosidl_typesupport_introspection_c__pyext[0m
[6.517s] [35m[1mScanning dependencies of target person_msgs__rosidl_typesupport_fastrtps_c__pyext[0m
[6.529s] [ 90%] [32mBuilding C object CMakeFiles/person_msgs__rosidl_typesupport_introspection_c__pyext.dir/rosidl_generator_py/person_msgs/_person_msgs_s.ep.rosidl_typesupport_introspection_c.c.o[0m
[6.529s] [ 90%] [32mBuilding C object CMakeFiles/person_msgs__rosidl_typesupport_fastrtps_c__pyext.dir/rosidl_generator_py/person_msgs/_person_msgs_s.ep.rosidl_typesupport_fastrtps_c.c.o[0m
[6.529s] [ 90%] [32mBuilding C object CMakeFiles/person_msgs__rosidl_typesupport_c__pyext.dir/rosidl_generator_py/person_msgs/_person_msgs_s.ep.rosidl_typesupport_c.c.o[0m
[6.585s] [ 96%] [32m[1mLinking CXX shared library rosidl_generator_py/person_msgs/person_msgs_s__rosidl_typesupport_fastrtps_c.cpython-38-x86_64-linux-gnu.so[0m
[6.585s] [ 96%] [32m[1mLinking C shared library rosidl_generator_py/person_msgs/person_msgs_s__rosidl_typesupport_c.cpython-38-x86_64-linux-gnu.so[0m
[6.585s] [100%] [32m[1mLinking C shared library rosidl_generator_py/person_msgs/person_msgs_s__rosidl_typesupport_introspection_c.cpython-38-x86_64-linux-gnu.so[0m
[6.630s] [100%] Built target person_msgs__rosidl_typesupport_introspection_c__pyext
[6.630s] [100%] Built target person_msgs__rosidl_typesupport_c__pyext
[6.646s] [100%] Built target person_msgs__rosidl_typesupport_fastrtps_c__pyext
[6.655s] Invoked command in '/home/dragonet/ros2_ws/build/person_msgs' returned '0': CMAKE_PREFIX_PATH=/home/dragonet/ros2_ws/install/mypkg:/opt/ros/foxy /usr/bin/cmake --build /home/dragonet/ros2_ws/build/person_msgs -- -j8 -l8
[6.697s] Invoking command in '/home/dragonet/ros2_ws/build/person_msgs': CMAKE_PREFIX_PATH=/home/dragonet/ros2_ws/install/mypkg:/opt/ros/foxy /usr/bin/cmake --install /home/dragonet/ros2_ws/build/person_msgs
[6.703s] -- Install configuration: ""
[6.703s] -- Installing: /home/dragonet/ros2_ws/install/person_msgs/share/ament_index/resource_index/rosidl_interfaces/person_msgs
[6.703s] -- Installing: /home/dragonet/ros2_ws/install/person_msgs/include/person_msgs
[6.703s] -- Installing: /home/dragonet/ros2_ws/install/person_msgs/include/person_msgs/msg
[6.703s] -- Installing: /home/dragonet/ros2_ws/install/person_msgs/include/person_msgs/msg/person.h
[6.703s] -- Installing: /home/dragonet/ros2_ws/install/person_msgs/include/person_msgs/msg/rosidl_generator_c__visibility_control.h
[6.703s] -- Installing: /home/dragonet/ros2_ws/install/person_msgs/include/person_msgs/msg/detail
[6.704s] -- Installing: /home/dragonet/ros2_ws/install/person_msgs/include/person_msgs/msg/detail/person__functions.c
[6.704s] -- Installing: /home/dragonet/ros2_ws/install/person_msgs/include/person_msgs/msg/detail/person__type_support.h
[6.704s] -- Installing: /home/dragonet/ros2_ws/install/person_msgs/include/person_msgs/msg/detail/person__functions.h
[6.704s] -- Installing: /home/dragonet/ros2_ws/install/person_msgs/include/person_msgs/msg/detail/person__struct.h
[6.704s] -- Installing: /home/dragonet/ros2_ws/install/person_msgs/share/person_msgs/environment/library_path.sh
[6.704s] -- Installing: /home/dragonet/ros2_ws/install/person_msgs/share/person_msgs/environment/library_path.dsv
[6.704s] -- Installing: /home/dragonet/ros2_ws/install/person_msgs/lib/libperson_msgs__rosidl_generator_c.so
[6.704s] -- Set runtime path of "/home/dragonet/ros2_ws/install/person_msgs/lib/libperson_msgs__rosidl_generator_c.so" to ""
[6.705s] -- Up-to-date: /home/dragonet/ros2_ws/install/person_msgs/include/person_msgs
[6.705s] -- Up-to-date: /home/dragonet/ros2_ws/install/person_msgs/include/person_msgs/msg
[6.705s] -- Installing: /home/dragonet/ros2_ws/install/person_msgs/include/person_msgs/msg/rosidl_typesupport_fastrtps_c__visibility_control.h
[6.705s] -- Up-to-date: /home/dragonet/ros2_ws/install/person_msgs/include/person_msgs/msg/detail
[6.705s] -- Installing: /home/dragonet/ros2_ws/install/person_msgs/include/person_msgs/msg/detail/person__rosidl_typesupport_fastrtps_c.h
[6.705s] -- Installing: /home/dragonet/ros2_ws/install/person_msgs/lib/libperson_msgs__rosidl_typesupport_fastrtps_c.so
[6.705s] -- Set runtime path of "/home/dragonet/ros2_ws/install/person_msgs/lib/libperson_msgs__rosidl_typesupport_fastrtps_c.so" to ""
[6.705s] -- Up-to-date: /home/dragonet/ros2_ws/install/person_msgs/include/person_msgs
[6.705s] -- Up-to-date: /home/dragonet/ros2_ws/install/person_msgs/include/person_msgs/msg
[6.706s] -- Installing: /home/dragonet/ros2_ws/install/person_msgs/include/person_msgs/msg/rosidl_typesupport_fastrtps_cpp__visibility_control.h
[6.706s] -- Up-to-date: /home/dragonet/ros2_ws/install/person_msgs/include/person_msgs/msg/detail
[6.706s] -- Installing: /home/dragonet/ros2_ws/install/person_msgs/include/person_msgs/msg/detail/dds_fastrtps
[6.706s] -- Installing: /home/dragonet/ros2_ws/install/person_msgs/include/person_msgs/msg/detail/person__rosidl_typesupport_fastrtps_cpp.hpp
[6.706s] -- Installing: /home/dragonet/ros2_ws/install/person_msgs/lib/libperson_msgs__rosidl_typesupport_fastrtps_cpp.so
[6.706s] -- Set runtime path of "/home/dragonet/ros2_ws/install/person_msgs/lib/libperson_msgs__rosidl_typesupport_fastrtps_cpp.so" to ""
[6.706s] -- Up-to-date: /home/dragonet/ros2_ws/install/person_msgs/include/person_msgs
[6.706s] -- Up-to-date: /home/dragonet/ros2_ws/install/person_msgs/include/person_msgs/msg
[6.707s] -- Installing: /home/dragonet/ros2_ws/install/person_msgs/include/person_msgs/msg/rosidl_typesupport_introspection_c__visibility_control.h
[6.707s] -- Up-to-date: /home/dragonet/ros2_ws/install/person_msgs/include/person_msgs/msg/detail
[6.707s] -- Installing: /home/dragonet/ros2_ws/install/person_msgs/include/person_msgs/msg/detail/person__type_support.c
[6.707s] -- Installing: /home/dragonet/ros2_ws/install/person_msgs/include/person_msgs/msg/detail/person__rosidl_typesupport_introspection_c.h
[6.707s] -- Installing: /home/dragonet/ros2_ws/install/person_msgs/lib/libperson_msgs__rosidl_typesupport_introspection_c.so
[6.707s] -- Set runtime path of "/home/dragonet/ros2_ws/install/person_msgs/lib/libperson_msgs__rosidl_typesupport_introspection_c.so" to ""
[6.707s] -- Installing: /home/dragonet/ros2_ws/install/person_msgs/lib/libperson_msgs__rosidl_typesupport_c.so
[6.707s] -- Set runtime path of "/home/dragonet/ros2_ws/install/person_msgs/lib/libperson_msgs__rosidl_typesupport_c.so" to ""
[6.707s] -- Up-to-date: /home/dragonet/ros2_ws/install/person_msgs/include/person_msgs
[6.707s] -- Up-to-date: /home/dragonet/ros2_ws/install/person_msgs/include/person_msgs/msg
[6.708s] -- Installing: /home/dragonet/ros2_ws/install/person_msgs/include/person_msgs/msg/person.hpp
[6.708s] -- Installing: /home/dragonet/ros2_ws/install/person_msgs/include/person_msgs/msg/rosidl_generator_cpp__visibility_control.hpp
[6.708s] -- Up-to-date: /home/dragonet/ros2_ws/install/person_msgs/include/person_msgs/msg/detail
[6.708s] -- Installing: /home/dragonet/ros2_ws/install/person_msgs/include/person_msgs/msg/detail/person__builder.hpp
[6.708s] -- Installing: /home/dragonet/ros2_ws/install/person_msgs/include/person_msgs/msg/detail/person__type_support.hpp
[6.708s] -- Installing: /home/dragonet/ros2_ws/install/person_msgs/include/person_msgs/msg/detail/person__traits.hpp
[6.708s] -- Installing: /home/dragonet/ros2_ws/install/person_msgs/include/person_msgs/msg/detail/person__struct.hpp
[6.708s] -- Up-to-date: /home/dragonet/ros2_ws/install/person_msgs/include/person_msgs
[6.708s] -- Up-to-date: /home/dragonet/ros2_ws/install/person_msgs/include/person_msgs/msg
[6.708s] -- Up-to-date: /home/dragonet/ros2_ws/install/person_msgs/include/person_msgs/msg/detail
[6.708s] -- Installing: /home/dragonet/ros2_ws/install/person_msgs/include/person_msgs/msg/detail/person__rosidl_typesupport_introspection_cpp.hpp
[6.709s] -- Installing: /home/dragonet/ros2_ws/install/person_msgs/include/person_msgs/msg/detail/person__type_support.cpp
[6.709s] -- Installing: /home/dragonet/ros2_ws/install/person_msgs/lib/libperson_msgs__rosidl_typesupport_introspection_cpp.so
[6.709s] -- Set runtime path of "/home/dragonet/ros2_ws/install/person_msgs/lib/libperson_msgs__rosidl_typesupport_introspection_cpp.so" to ""
[6.709s] -- Installing: /home/dragonet/ros2_ws/install/person_msgs/lib/libperson_msgs__rosidl_typesupport_cpp.so
[6.709s] -- Set runtime path of "/home/dragonet/ros2_ws/install/person_msgs/lib/libperson_msgs__rosidl_typesupport_cpp.so" to ""
[6.709s] -- Installing: /home/dragonet/ros2_ws/install/person_msgs/share/person_msgs/environment/pythonpath.sh
[6.709s] -- Installing: /home/dragonet/ros2_ws/install/person_msgs/share/person_msgs/environment/pythonpath.dsv
[6.709s] -- Installing: /home/dragonet/ros2_ws/install/person_msgs/lib/python3.8/site-packages/person_msgs/__init__.py
[6.726s] Compiling '/home/dragonet/ros2_ws/install/person_msgs/lib/python3.8/site-packages/person_msgs/__init__.py'...
[6.729s] -- Installing: /home/dragonet/ros2_ws/install/person_msgs/lib/python3.8/site-packages/person_msgs/msg
[6.729s] -- Installing: /home/dragonet/ros2_ws/install/person_msgs/lib/python3.8/site-packages/person_msgs/msg/_person.py
[6.730s] -- Installing: /home/dragonet/ros2_ws/install/person_msgs/lib/python3.8/site-packages/person_msgs/msg/_person_s.c
[6.730s] -- Installing: /home/dragonet/ros2_ws/install/person_msgs/lib/python3.8/site-packages/person_msgs/msg/__init__.py
[6.730s] -- Installing: /home/dragonet/ros2_ws/install/person_msgs/lib/python3.8/site-packages/person_msgs/person_msgs_s__rosidl_typesupport_fastrtps_c.cpython-38-x86_64-linux-gnu.so
[6.730s] -- Set runtime path of "/home/dragonet/ros2_ws/install/person_msgs/lib/python3.8/site-packages/person_msgs/person_msgs_s__rosidl_typesupport_fastrtps_c.cpython-38-x86_64-linux-gnu.so" to ""
[6.730s] -- Installing: /home/dragonet/ros2_ws/install/person_msgs/lib/python3.8/site-packages/person_msgs/person_msgs_s__rosidl_typesupport_introspection_c.cpython-38-x86_64-linux-gnu.so
[6.730s] -- Set runtime path of "/home/dragonet/ros2_ws/install/person_msgs/lib/python3.8/site-packages/person_msgs/person_msgs_s__rosidl_typesupport_introspection_c.cpython-38-x86_64-linux-gnu.so" to ""
[6.730s] -- Installing: /home/dragonet/ros2_ws/install/person_msgs/lib/python3.8/site-packages/person_msgs/person_msgs_s__rosidl_typesupport_c.cpython-38-x86_64-linux-gnu.so
[6.731s] -- Set runtime path of "/home/dragonet/ros2_ws/install/person_msgs/lib/python3.8/site-packages/person_msgs/person_msgs_s__rosidl_typesupport_c.cpython-38-x86_64-linux-gnu.so" to ""
[6.731s] -- Installing: /home/dragonet/ros2_ws/install/person_msgs/lib/libperson_msgs__python.so
[6.731s] -- Set runtime path of "/home/dragonet/ros2_ws/install/person_msgs/lib/libperson_msgs__python.so" to ""
[6.731s] -- Installing: /home/dragonet/ros2_ws/install/person_msgs/share/person_msgs/msg/Person.idl
[6.731s] -- Installing: /home/dragonet/ros2_ws/install/person_msgs/share/person_msgs/msg/Person.msg
[6.731s] -- Installing: /home/dragonet/ros2_ws/install/person_msgs/share/ament_index/resource_index/package_run_dependencies/person_msgs
[6.731s] -- Installing: /home/dragonet/ros2_ws/install/person_msgs/share/ament_index/resource_index/parent_prefix_path/person_msgs
[6.732s] -- Installing: /home/dragonet/ros2_ws/install/person_msgs/share/person_msgs/environment/ament_prefix_path.sh
[6.732s] -- Installing: /home/dragonet/ros2_ws/install/person_msgs/share/person_msgs/environment/ament_prefix_path.dsv
[6.732s] -- Installing: /home/dragonet/ros2_ws/install/person_msgs/share/person_msgs/environment/path.sh
[6.732s] -- Installing: /home/dragonet/ros2_ws/install/person_msgs/share/person_msgs/environment/path.dsv
[6.732s] -- Installing: /home/dragonet/ros2_ws/install/person_msgs/share/person_msgs/local_setup.bash
[6.732s] -- Installing: /home/dragonet/ros2_ws/install/person_msgs/share/person_msgs/local_setup.sh
[6.732s] -- Installing: /home/dragonet/ros2_ws/install/person_msgs/share/person_msgs/local_setup.zsh
[6.732s] -- Installing: /home/dragonet/ros2_ws/install/person_msgs/share/person_msgs/local_setup.dsv
[6.732s] -- Installing: /home/dragonet/ros2_ws/install/person_msgs/share/person_msgs/package.dsv
[6.732s] -- Installing: /home/dragonet/ros2_ws/install/person_msgs/share/ament_index/resource_index/packages/person_msgs
[6.733s] -- Installing: /home/dragonet/ros2_ws/install/person_msgs/share/person_msgs/cmake/person_msgs__rosidl_generator_cExport.cmake
[6.733s] -- Installing: /home/dragonet/ros2_ws/install/person_msgs/share/person_msgs/cmake/person_msgs__rosidl_generator_cExport-noconfig.cmake
[6.733s] -- Installing: /home/dragonet/ros2_ws/install/person_msgs/share/person_msgs/cmake/person_msgs__rosidl_typesupport_introspection_cExport.cmake
[6.733s] -- Installing: /home/dragonet/ros2_ws/install/person_msgs/share/person_msgs/cmake/person_msgs__rosidl_typesupport_introspection_cExport-noconfig.cmake
[6.733s] -- Installing: /home/dragonet/ros2_ws/install/person_msgs/share/person_msgs/cmake/person_msgs__rosidl_typesupport_cExport.cmake
[6.733s] -- Installing: /home/dragonet/ros2_ws/install/person_msgs/share/person_msgs/cmake/person_msgs__rosidl_typesupport_cExport-noconfig.cmake
[6.733s] -- Installing: /home/dragonet/ros2_ws/install/person_msgs/share/person_msgs/cmake/person_msgs__rosidl_generator_cppExport.cmake
[6.733s] -- Installing: /home/dragonet/ros2_ws/install/person_msgs/share/person_msgs/cmake/person_msgs__rosidl_typesupport_introspection_cppExport.cmake
[6.733s] -- Installing: /home/dragonet/ros2_ws/install/person_msgs/share/person_msgs/cmake/person_msgs__rosidl_typesupport_introspection_cppExport-noconfig.cmake
[6.734s] -- Installing: /home/dragonet/ros2_ws/install/person_msgs/share/person_msgs/cmake/person_msgs__rosidl_typesupport_cppExport.cmake
[6.734s] -- Installing: /home/dragonet/ros2_ws/install/person_msgs/share/person_msgs/cmake/person_msgs__rosidl_typesupport_cppExport-noconfig.cmake
[6.734s] -- Installing: /home/dragonet/ros2_ws/install/person_msgs/share/person_msgs/cmake/rosidl_cmake-extras.cmake
[6.734s] -- Installing: /home/dragonet/ros2_ws/install/person_msgs/share/person_msgs/cmake/ament_cmake_export_dependencies-extras.cmake
[6.734s] -- Installing: /home/dragonet/ros2_ws/install/person_msgs/share/person_msgs/cmake/ament_cmake_export_libraries-extras.cmake
[6.734s] -- Installing: /home/dragonet/ros2_ws/install/person_msgs/share/person_msgs/cmake/ament_cmake_export_targets-extras.cmake
[6.734s] -- Installing: /home/dragonet/ros2_ws/install/person_msgs/share/person_msgs/cmake/ament_cmake_export_include_directories-extras.cmake
[6.734s] -- Installing: /home/dragonet/ros2_ws/install/person_msgs/share/person_msgs/cmake/rosidl_cmake_export_typesupport_libraries-extras.cmake
[6.734s] -- Installing: /home/dragonet/ros2_ws/install/person_msgs/share/person_msgs/cmake/rosidl_cmake_export_typesupport_targets-extras.cmake
[6.735s] -- Installing: /home/dragonet/ros2_ws/install/person_msgs/share/person_msgs/cmake/person_msgsConfig.cmake
[6.735s] -- Installing: /home/dragonet/ros2_ws/install/person_msgs/share/person_msgs/cmake/person_msgsConfig-version.cmake
[6.735s] -- Installing: /home/dragonet/ros2_ws/install/person_msgs/share/person_msgs/package.xml
[6.737s] Invoked command in '/home/dragonet/ros2_ws/build/person_msgs' returned '0': CMAKE_PREFIX_PATH=/home/dragonet/ros2_ws/install/mypkg:/opt/ros/foxy /usr/bin/cmake --install /home/dragonet/ros2_ws/build/person_msgs
