[0.507s] Invoking command in '/home/dragonet/ros2_ws/src/mypkg': PYTHONPATH=/home/dragonet/ros2_ws/build/mypkg/prefix_override:/home/dragonet/ros2_ws/install/mypkg/lib/python3.8/site-packages:${PYTHONPATH} /usr/bin/python3 setup.py egg_info --egg-base ../../build/mypkg build --build-base /home/dragonet/ros2_ws/build/mypkg/build install --record /home/dragonet/ros2_ws/build/mypkg/install.log --install-scripts $base/lib/mypkg --single-version-externally-managed
[0.615s] running egg_info
[0.615s] creating ../../build/mypkg/mypkg.egg-info
[0.615s] writing ../../build/mypkg/mypkg.egg-info/PKG-INFO
[0.615s] writing dependency_links to ../../build/mypkg/mypkg.egg-info/dependency_links.txt
[0.615s] writing entry points to ../../build/mypkg/mypkg.egg-info/entry_points.txt
[0.616s] writing requirements to ../../build/mypkg/mypkg.egg-info/requires.txt
[0.616s] writing top-level names to ../../build/mypkg/mypkg.egg-info/top_level.txt
[0.616s] writing manifest file '../../build/mypkg/mypkg.egg-info/SOURCES.txt'
[0.635s] reading manifest file '../../build/mypkg/mypkg.egg-info/SOURCES.txt'
[0.636s] writing manifest file '../../build/mypkg/mypkg.egg-info/SOURCES.txt'
[0.636s] running build
[0.636s] running build_py
[0.636s] creating /home/dragonet/ros2_ws/build/mypkg/build
[0.636s] creating /home/dragonet/ros2_ws/build/mypkg/build/lib
[0.636s] creating /home/dragonet/ros2_ws/build/mypkg/build/lib/mypkg
[0.636s] copying mypkg/__init__.py -> /home/dragonet/ros2_ws/build/mypkg/build/lib/mypkg
[0.636s] running install
[0.637s] running install_lib
[0.637s] creating /home/dragonet/ros2_ws/install/mypkg/lib/python3.8/site-packages/mypkg
[0.638s] copying /home/dragonet/ros2_ws/build/mypkg/build/lib/mypkg/__init__.py -> /home/dragonet/ros2_ws/install/mypkg/lib/python3.8/site-packages/mypkg
[0.638s] byte-compiling /home/dragonet/ros2_ws/install/mypkg/lib/python3.8/site-packages/mypkg/__init__.py to __init__.cpython-38.pyc
[0.639s] running install_data
[0.639s] creating /home/dragonet/ros2_ws/install/mypkg/share/ament_index
[0.639s] creating /home/dragonet/ros2_ws/install/mypkg/share/ament_index/resource_index
[0.639s] creating /home/dragonet/ros2_ws/install/mypkg/share/ament_index/resource_index/packages
[0.639s] copying resource/mypkg -> /home/dragonet/ros2_ws/install/mypkg/share/ament_index/resource_index/packages
[0.639s] copying package.xml -> /home/dragonet/ros2_ws/install/mypkg/share/mypkg
[0.639s] running install_egg_info
[0.640s] Copying ../../build/mypkg/mypkg.egg-info to /home/dragonet/ros2_ws/install/mypkg/lib/python3.8/site-packages/mypkg-0.0.0-py3.8.egg-info
[0.641s] running install_scripts
[0.653s] writing list of installed files to '/home/dragonet/ros2_ws/build/mypkg/install.log'
[0.667s] Invoked command in '/home/dragonet/ros2_ws/src/mypkg' returned '0': PYTHONPATH=/home/dragonet/ros2_ws/build/mypkg/prefix_override:/home/dragonet/ros2_ws/install/mypkg/lib/python3.8/site-packages:${PYTHONPATH} /usr/bin/python3 setup.py egg_info --egg-base ../../build/mypkg build --build-base /home/dragonet/ros2_ws/build/mypkg/build install --record /home/dragonet/ros2_ws/build/mypkg/install.log --install-scripts $base/lib/mypkg --single-version-externally-managed
