[0.748s] Invoking command in '/home/dragonet/ros2/src/mypkg': PYTHONPATH=/home/dragonet/ros2/build/mypkg/prefix_override:/home/dragonet/ros2/install/mypkg/lib/python3.8/site-packages:${PYTHONPATH} /usr/bin/python3 setup.py egg_info --egg-base ../../build/mypkg build --build-base /home/dragonet/ros2/build/mypkg/build install --record /home/dragonet/ros2/build/mypkg/install.log --install-scripts $base/lib/mypkg --single-version-externally-managed
[0.871s] running egg_info
[0.871s] writing ../../build/mypkg/mypkg.egg-info/PKG-INFO
[0.871s] writing dependency_links to ../../build/mypkg/mypkg.egg-info/dependency_links.txt
[0.871s] writing entry points to ../../build/mypkg/mypkg.egg-info/entry_points.txt
[0.871s] writing requirements to ../../build/mypkg/mypkg.egg-info/requires.txt
[0.871s] writing top-level names to ../../build/mypkg/mypkg.egg-info/top_level.txt
[0.892s] reading manifest file '../../build/mypkg/mypkg.egg-info/SOURCES.txt'
[0.894s] writing manifest file '../../build/mypkg/mypkg.egg-info/SOURCES.txt'
[0.894s] running build
[0.894s] running build_py
[0.895s] copying mypkg/listener.py -> /home/dragonet/ros2/build/mypkg/build/lib/mypkg
[0.895s] running install
[0.895s] running install_lib
[0.895s] copying /home/dragonet/ros2/build/mypkg/build/lib/mypkg/listener.py -> /home/dragonet/ros2/install/mypkg/lib/python3.8/site-packages/mypkg
[0.895s] byte-compiling /home/dragonet/ros2/install/mypkg/lib/python3.8/site-packages/mypkg/listener.py to listener.cpython-38.pyc
[0.896s] running install_data
[0.896s] running install_egg_info
[0.897s] removing '/home/dragonet/ros2/install/mypkg/lib/python3.8/site-packages/mypkg-0.0.0-py3.8.egg-info' (and everything under it)
[0.897s] Copying ../../build/mypkg/mypkg.egg-info to /home/dragonet/ros2/install/mypkg/lib/python3.8/site-packages/mypkg-0.0.0-py3.8.egg-info
[0.897s] running install_scripts
[0.908s] Installing listener script to /home/dragonet/ros2/install/mypkg/lib/mypkg
[0.908s] Installing talker script to /home/dragonet/ros2/install/mypkg/lib/mypkg
[0.908s] writing list of installed files to '/home/dragonet/ros2/build/mypkg/install.log'
[0.924s] Invoked command in '/home/dragonet/ros2/src/mypkg' returned '0': PYTHONPATH=/home/dragonet/ros2/build/mypkg/prefix_override:/home/dragonet/ros2/install/mypkg/lib/python3.8/site-packages:${PYTHONPATH} /usr/bin/python3 setup.py egg_info --egg-base ../../build/mypkg build --build-base /home/dragonet/ros2/build/mypkg/build install --record /home/dragonet/ros2/build/mypkg/install.log --install-scripts $base/lib/mypkg --single-version-externally-managed
