[0.717s] Invoking command in '/home/dragonet/ros2_ws/src/mypkg': PYTHONPATH=/home/dragonet/ros2_ws/build/mypkg/prefix_override:/home/dragonet/ros2_ws/install/mypkg/lib/python3.8/site-packages:${PYTHONPATH} /usr/bin/python3 setup.py egg_info --egg-base ../../build/mypkg build --build-base /home/dragonet/ros2_ws/build/mypkg/build install --record /home/dragonet/ros2_ws/build/mypkg/install.log --install-scripts $base/lib/mypkg --single-version-externally-managed
[0.853s] running egg_info
[0.853s] writing ../../build/mypkg/mypkg.egg-info/PKG-INFO
[0.857s] writing dependency_links to ../../build/mypkg/mypkg.egg-info/dependency_links.txt
[0.858s] writing entry points to ../../build/mypkg/mypkg.egg-info/entry_points.txt
[0.858s] writing requirements to ../../build/mypkg/mypkg.egg-info/requires.txt
[0.858s] writing top-level names to ../../build/mypkg/mypkg.egg-info/top_level.txt
[0.875s] reading manifest file '../../build/mypkg/mypkg.egg-info/SOURCES.txt'
[0.876s] writing manifest file '../../build/mypkg/mypkg.egg-info/SOURCES.txt'
[0.876s] running build
[0.876s] running build_py
[0.876s] running install
[0.879s] running install_lib
[0.879s] running install_data
[0.880s] copying launch/talk_listen.launch.py -> /home/dragonet/ros2_ws/install/mypkg/share/mypkg
[0.880s] running install_egg_info
[0.880s] removing '/home/dragonet/ros2_ws/install/mypkg/lib/python3.8/site-packages/mypkg-0.0.0-py3.8.egg-info' (and everything under it)
[0.880s] Copying ../../build/mypkg/mypkg.egg-info to /home/dragonet/ros2_ws/install/mypkg/lib/python3.8/site-packages/mypkg-0.0.0-py3.8.egg-info
[0.880s] running install_scripts
[0.890s] Installing listener script to /home/dragonet/ros2_ws/install/mypkg/lib/mypkg
[0.890s] Installing talker script to /home/dragonet/ros2_ws/install/mypkg/lib/mypkg
[0.891s] writing list of installed files to '/home/dragonet/ros2_ws/build/mypkg/install.log'
[0.905s] Invoked command in '/home/dragonet/ros2_ws/src/mypkg' returned '0': PYTHONPATH=/home/dragonet/ros2_ws/build/mypkg/prefix_override:/home/dragonet/ros2_ws/install/mypkg/lib/python3.8/site-packages:${PYTHONPATH} /usr/bin/python3 setup.py egg_info --egg-base ../../build/mypkg build --build-base /home/dragonet/ros2_ws/build/mypkg/build install --record /home/dragonet/ros2_ws/build/mypkg/install.log --install-scripts $base/lib/mypkg --single-version-externally-managed
