[0.493s] Invoking command in '/home/dragonet/ros2_ws/src/mypkg': PYTHONPATH=/home/dragonet/ros2_ws/build/mypkg/prefix_override:/home/dragonet/ros2_ws/install/mypkg/lib/python3.8/site-packages:${PYTHONPATH} /usr/bin/python3 setup.py egg_info --egg-base ../../build/mypkg build --build-base /home/dragonet/ros2_ws/build/mypkg/build install --record /home/dragonet/ros2_ws/build/mypkg/install.log --install-scripts $base/lib/mypkg --single-version-externally-managed
[0.599s] running egg_info
[0.599s] writing ../../build/mypkg/mypkg.egg-info/PKG-INFO
[0.599s] writing dependency_links to ../../build/mypkg/mypkg.egg-info/dependency_links.txt
[0.599s] writing entry points to ../../build/mypkg/mypkg.egg-info/entry_points.txt
[0.599s] writing requirements to ../../build/mypkg/mypkg.egg-info/requires.txt
[0.599s] writing top-level names to ../../build/mypkg/mypkg.egg-info/top_level.txt
[0.619s] reading manifest file '../../build/mypkg/mypkg.egg-info/SOURCES.txt'
[0.619s] writing manifest file '../../build/mypkg/mypkg.egg-info/SOURCES.txt'
[0.619s] running build
[0.619s] running build_py
[0.620s] running install
[0.620s] running install_lib
[0.621s] running install_data
[0.621s] copying launch/talk_listen.launch.py -> /home/dragonet/ros2_ws/install/mypkg/share/mypkg
[0.621s] running install_egg_info
[0.622s] removing '/home/dragonet/ros2_ws/install/mypkg/lib/python3.8/site-packages/mypkg-0.0.0-py3.8.egg-info' (and everything under it)
[0.622s] Copying ../../build/mypkg/mypkg.egg-info to /home/dragonet/ros2_ws/install/mypkg/lib/python3.8/site-packages/mypkg-0.0.0-py3.8.egg-info
[0.623s] running install_scripts
[0.634s] Installing listener script to /home/dragonet/ros2_ws/install/mypkg/lib/mypkg
[0.634s] Installing talker script to /home/dragonet/ros2_ws/install/mypkg/lib/mypkg
[0.634s] writing list of installed files to '/home/dragonet/ros2_ws/build/mypkg/install.log'
[0.648s] Invoked command in '/home/dragonet/ros2_ws/src/mypkg' returned '0': PYTHONPATH=/home/dragonet/ros2_ws/build/mypkg/prefix_override:/home/dragonet/ros2_ws/install/mypkg/lib/python3.8/site-packages:${PYTHONPATH} /usr/bin/python3 setup.py egg_info --egg-base ../../build/mypkg build --build-base /home/dragonet/ros2_ws/build/mypkg/build install --record /home/dragonet/ros2_ws/build/mypkg/install.log --install-scripts $base/lib/mypkg --single-version-externally-managed
