[0.495s] Invoking command in '/home/dragonet/ros2_ws/src/mypkg': PYTHONPATH=/home/dragonet/ros2_ws/build/mypkg/prefix_override:/home/dragonet/ros2_ws/install/mypkg/lib/python3.8/site-packages:${PYTHONPATH} /usr/bin/python3 setup.py egg_info --egg-base ../../build/mypkg build --build-base /home/dragonet/ros2_ws/build/mypkg/build install --record /home/dragonet/ros2_ws/build/mypkg/install.log --install-scripts $base/lib/mypkg --single-version-externally-managed
[0.607s] running egg_info
[0.608s] writing ../../build/mypkg/mypkg.egg-info/PKG-INFO
[0.608s] writing dependency_links to ../../build/mypkg/mypkg.egg-info/dependency_links.txt
[0.608s] writing entry points to ../../build/mypkg/mypkg.egg-info/entry_points.txt
[0.608s] writing requirements to ../../build/mypkg/mypkg.egg-info/requires.txt
[0.608s] writing top-level names to ../../build/mypkg/mypkg.egg-info/top_level.txt
[0.627s] reading manifest file '../../build/mypkg/mypkg.egg-info/SOURCES.txt'
[0.628s] writing manifest file '../../build/mypkg/mypkg.egg-info/SOURCES.txt'
[0.628s] running build
[0.628s] running build_py
[0.629s] copying mypkg/listener.py -> /home/dragonet/ros2_ws/build/mypkg/build/lib/mypkg
[0.629s] running install
[0.629s] running install_lib
[0.630s] copying /home/dragonet/ros2_ws/build/mypkg/build/lib/mypkg/listener.py -> /home/dragonet/ros2_ws/install/mypkg/lib/python3.8/site-packages/mypkg
[0.630s] byte-compiling /home/dragonet/ros2_ws/install/mypkg/lib/python3.8/site-packages/mypkg/listener.py to listener.cpython-38.pyc
[0.631s] running install_data
[0.631s] Sorry: IndentationError: unexpected indent (listener.py, line 7)
[0.631s] running install_egg_info
[0.633s] removing '/home/dragonet/ros2_ws/install/mypkg/lib/python3.8/site-packages/mypkg-0.0.0-py3.8.egg-info' (and everything under it)
[0.633s] Copying ../../build/mypkg/mypkg.egg-info to /home/dragonet/ros2_ws/install/mypkg/lib/python3.8/site-packages/mypkg-0.0.0-py3.8.egg-info
[0.634s] running install_scripts
[0.645s] Installing listener script to /home/dragonet/ros2_ws/install/mypkg/lib/mypkg
[0.645s] Installing talker script to /home/dragonet/ros2_ws/install/mypkg/lib/mypkg
[0.645s] writing list of installed files to '/home/dragonet/ros2_ws/build/mypkg/install.log'
[0.659s] Invoked command in '/home/dragonet/ros2_ws/src/mypkg' returned '0': PYTHONPATH=/home/dragonet/ros2_ws/build/mypkg/prefix_override:/home/dragonet/ros2_ws/install/mypkg/lib/python3.8/site-packages:${PYTHONPATH} /usr/bin/python3 setup.py egg_info --egg-base ../../build/mypkg build --build-base /home/dragonet/ros2_ws/build/mypkg/build install --record /home/dragonet/ros2_ws/build/mypkg/install.log --install-scripts $base/lib/mypkg --single-version-externally-managed
