[0.713s] Invoking command in '/home/dragonet/ros2/src/mypkg': PYTHONPATH=/home/dragonet/ros2/build/mypkg/prefix_override:/home/dragonet/ros2/install/mypkg/lib/python3.8/site-packages:${PYTHONPATH} /usr/bin/python3 setup.py egg_info --egg-base ../../build/mypkg build --build-base /home/dragonet/ros2/build/mypkg/build install --record /home/dragonet/ros2/build/mypkg/install.log --install-scripts $base/lib/mypkg --single-version-externally-managed
[0.850s] running egg_info
[0.851s] writing ../../build/mypkg/mypkg.egg-info/PKG-INFO
[0.851s] writing dependency_links to ../../build/mypkg/mypkg.egg-info/dependency_links.txt
[0.851s] writing entry points to ../../build/mypkg/mypkg.egg-info/entry_points.txt
[0.851s] writing requirements to ../../build/mypkg/mypkg.egg-info/requires.txt
[0.851s] writing top-level names to ../../build/mypkg/mypkg.egg-info/top_level.txt
[0.872s] reading manifest file '../../build/mypkg/mypkg.egg-info/SOURCES.txt'
[0.872s] writing manifest file '../../build/mypkg/mypkg.egg-info/SOURCES.txt'
[0.873s] running build
[0.873s] running build_py
[0.873s] running install
[0.873s] running install_lib
[0.874s] running install_data
[0.874s] running install_egg_info
[0.875s] removing '/home/dragonet/ros2/install/mypkg/lib/python3.8/site-packages/mypkg-0.0.0-py3.8.egg-info' (and everything under it)
[0.876s] Copying ../../build/mypkg/mypkg.egg-info to /home/dragonet/ros2/install/mypkg/lib/python3.8/site-packages/mypkg-0.0.0-py3.8.egg-info
[0.877s] running install_scripts
[0.888s] Installing listener script to /home/dragonet/ros2/install/mypkg/lib/mypkg
[0.888s] Installing talker script to /home/dragonet/ros2/install/mypkg/lib/mypkg
[0.888s] writing list of installed files to '/home/dragonet/ros2/build/mypkg/install.log'
[0.904s] Invoked command in '/home/dragonet/ros2/src/mypkg' returned '0': PYTHONPATH=/home/dragonet/ros2/build/mypkg/prefix_override:/home/dragonet/ros2/install/mypkg/lib/python3.8/site-packages:${PYTHONPATH} /usr/bin/python3 setup.py egg_info --egg-base ../../build/mypkg build --build-base /home/dragonet/ros2/build/mypkg/build install --record /home/dragonet/ros2/build/mypkg/install.log --install-scripts $base/lib/mypkg --single-version-externally-managed
