[0.689s] Invoking command in '/home/dragonet/ros2/src/mypkg': PYTHONPATH=/home/dragonet/ros2/build/mypkg/prefix_override:/home/dragonet/ros2/install/mypkg/lib/python3.8/site-packages:${PYTHONPATH} /usr/bin/python3 setup.py egg_info --egg-base ../../build/mypkg build --build-base /home/dragonet/ros2/build/mypkg/build install --record /home/dragonet/ros2/build/mypkg/install.log --install-scripts $base/lib/mypkg --single-version-externally-managed
[0.810s] running egg_info
[0.811s] creating ../../build/mypkg/mypkg.egg-info
[0.811s] writing ../../build/mypkg/mypkg.egg-info/PKG-INFO
[0.811s] writing dependency_links to ../../build/mypkg/mypkg.egg-info/dependency_links.txt
[0.811s] writing entry points to ../../build/mypkg/mypkg.egg-info/entry_points.txt
[0.811s] writing requirements to ../../build/mypkg/mypkg.egg-info/requires.txt
[0.812s] writing top-level names to ../../build/mypkg/mypkg.egg-info/top_level.txt
[0.815s] writing manifest file '../../build/mypkg/mypkg.egg-info/SOURCES.txt'
[0.839s] reading manifest file '../../build/mypkg/mypkg.egg-info/SOURCES.txt'
[0.840s] writing manifest file '../../build/mypkg/mypkg.egg-info/SOURCES.txt'
[0.840s] running build
[0.840s] running build_py
[0.840s] creating /home/dragonet/ros2/build/mypkg/build
[0.840s] creating /home/dragonet/ros2/build/mypkg/build/lib
[0.841s] creating /home/dragonet/ros2/build/mypkg/build/lib/mypkg
[0.841s] copying mypkg/talker.py -> /home/dragonet/ros2/build/mypkg/build/lib/mypkg
[0.841s] copying mypkg/listener.py -> /home/dragonet/ros2/build/mypkg/build/lib/mypkg
[0.841s] copying mypkg/__init__.py -> /home/dragonet/ros2/build/mypkg/build/lib/mypkg
[0.841s] running install
[0.842s] running install_lib
[0.842s] creating /home/dragonet/ros2/install/mypkg/lib/python3.8/site-packages/mypkg
[0.843s] copying /home/dragonet/ros2/build/mypkg/build/lib/mypkg/talker.py -> /home/dragonet/ros2/install/mypkg/lib/python3.8/site-packages/mypkg
[0.843s] copying /home/dragonet/ros2/build/mypkg/build/lib/mypkg/listener.py -> /home/dragonet/ros2/install/mypkg/lib/python3.8/site-packages/mypkg
[0.843s] copying /home/dragonet/ros2/build/mypkg/build/lib/mypkg/__init__.py -> /home/dragonet/ros2/install/mypkg/lib/python3.8/site-packages/mypkg
[0.843s] byte-compiling /home/dragonet/ros2/install/mypkg/lib/python3.8/site-packages/mypkg/talker.py to talker.cpython-38.pyc
[0.844s] byte-compiling /home/dragonet/ros2/install/mypkg/lib/python3.8/site-packages/mypkg/listener.py to listener.cpython-38.pyc
[0.845s] Sorry: IndentationError: unindent does not match any outer indentation level (listener.py, line 8)
[0.845s] byte-compiling /home/dragonet/ros2/install/mypkg/lib/python3.8/site-packages/mypkg/__init__.py to __init__.cpython-38.pyc
[0.845s] running install_data
[0.846s] creating /home/dragonet/ros2/install/mypkg/share/ament_index
[0.846s] creating /home/dragonet/ros2/install/mypkg/share/ament_index/resource_index
[0.846s] creating /home/dragonet/ros2/install/mypkg/share/ament_index/resource_index/packages
[0.846s] copying resource/mypkg -> /home/dragonet/ros2/install/mypkg/share/ament_index/resource_index/packages
[0.846s] copying package.xml -> /home/dragonet/ros2/install/mypkg/share/mypkg
[0.847s] copying launch/talk_listen.launch.py -> /home/dragonet/ros2/install/mypkg/share/mypkg
[0.847s] running install_egg_info
[0.848s] Copying ../../build/mypkg/mypkg.egg-info to /home/dragonet/ros2/install/mypkg/lib/python3.8/site-packages/mypkg-0.0.0-py3.8.egg-info
[0.849s] running install_scripts
[0.862s] Installing listener script to /home/dragonet/ros2/install/mypkg/lib/mypkg
[0.862s] Installing talker script to /home/dragonet/ros2/install/mypkg/lib/mypkg
[0.862s] writing list of installed files to '/home/dragonet/ros2/build/mypkg/install.log'
[0.878s] Invoked command in '/home/dragonet/ros2/src/mypkg' returned '0': PYTHONPATH=/home/dragonet/ros2/build/mypkg/prefix_override:/home/dragonet/ros2/install/mypkg/lib/python3.8/site-packages:${PYTHONPATH} /usr/bin/python3 setup.py egg_info --egg-base ../../build/mypkg build --build-base /home/dragonet/ros2/build/mypkg/build install --record /home/dragonet/ros2/build/mypkg/install.log --install-scripts $base/lib/mypkg --single-version-externally-managed
