[0.701s] Invoking command in '/home/dragonet/ros2_ws/src/mypkg': PYTHONPATH=/home/dragonet/ros2_ws/build/mypkg/prefix_override:/home/dragonet/ros2_ws/install/mypkg/lib/python3.8/site-packages:${PYTHONPATH} /usr/bin/python3 setup.py egg_info --egg-base ../../build/mypkg build --build-base /home/dragonet/ros2_ws/build/mypkg/build install --record /home/dragonet/ros2_ws/build/mypkg/install.log --install-scripts $base/lib/mypkg --single-version-externally-managed
[0.821s] running egg_info
[0.821s] writing ../../build/mypkg/mypkg.egg-info/PKG-INFO
[0.822s] writing dependency_links to ../../build/mypkg/mypkg.egg-info/dependency_links.txt
[0.822s] writing entry points to ../../build/mypkg/mypkg.egg-info/entry_points.txt
[0.823s] writing requirements to ../../build/mypkg/mypkg.egg-info/requires.txt
[0.823s] writing top-level names to ../../build/mypkg/mypkg.egg-info/top_level.txt
[0.846s] reading manifest file '../../build/mypkg/mypkg.egg-info/SOURCES.txt'
[0.847s] writing manifest file '../../build/mypkg/mypkg.egg-info/SOURCES.txt'
[0.847s] running build
[0.847s] running build_py
[0.848s] copying mypkg/talker.py -> /home/dragonet/ros2_ws/build/mypkg/build/lib/mypkg
[0.848s] running install
[0.848s] running install_lib
[0.848s] copying /home/dragonet/ros2_ws/build/mypkg/build/lib/mypkg/talker.py -> /home/dragonet/ros2_ws/install/mypkg/lib/python3.8/site-packages/mypkg
[0.848s] byte-compiling /home/dragonet/ros2_ws/install/mypkg/lib/python3.8/site-packages/mypkg/talker.py to talker.cpython-38.pyc
[0.848s] running install_data
[0.849s] running install_egg_info
[0.849s] removing '/home/dragonet/ros2_ws/install/mypkg/lib/python3.8/site-packages/mypkg-0.0.0-py3.8.egg-info' (and everything under it)
[0.849s] Copying ../../build/mypkg/mypkg.egg-info to /home/dragonet/ros2_ws/install/mypkg/lib/python3.8/site-packages/mypkg-0.0.0-py3.8.egg-info
[0.849s] running install_scripts
[0.861s] Installing listener script to /home/dragonet/ros2_ws/install/mypkg/lib/mypkg
[0.861s] Installing talker script to /home/dragonet/ros2_ws/install/mypkg/lib/mypkg
[0.861s] writing list of installed files to '/home/dragonet/ros2_ws/build/mypkg/install.log'
[0.876s] Invoked command in '/home/dragonet/ros2_ws/src/mypkg' returned '0': PYTHONPATH=/home/dragonet/ros2_ws/build/mypkg/prefix_override:/home/dragonet/ros2_ws/install/mypkg/lib/python3.8/site-packages:${PYTHONPATH} /usr/bin/python3 setup.py egg_info --egg-base ../../build/mypkg build --build-base /home/dragonet/ros2_ws/build/mypkg/build install --record /home/dragonet/ros2_ws/build/mypkg/install.log --install-scripts $base/lib/mypkg --single-version-externally-managed
