[0.611s] Invoking command in '/home/dragonet/ros2_ws/src/mypkg': PYTHONPATH=/home/dragonet/ros2_ws/src/mypkg/build/mypkg/prefix_override:/home/dragonet/ros2_ws/src/mypkg/install/mypkg/lib/python3.8/site-packages:${PYTHONPATH} /usr/bin/python3 setup.py egg_info --egg-base build/mypkg build --build-base /home/dragonet/ros2_ws/src/mypkg/build/mypkg/build install --record /home/dragonet/ros2_ws/src/mypkg/build/mypkg/install.log --install-scripts $base/lib/mypkg --single-version-externally-managed
[0.724s] running egg_info
[0.724s] creating build/mypkg/mypkg.egg-info
[0.725s] writing build/mypkg/mypkg.egg-info/PKG-INFO
[0.725s] writing dependency_links to build/mypkg/mypkg.egg-info/dependency_links.txt
[0.725s] writing entry points to build/mypkg/mypkg.egg-info/entry_points.txt
[0.725s] writing requirements to build/mypkg/mypkg.egg-info/requires.txt
[0.725s] writing top-level names to build/mypkg/mypkg.egg-info/top_level.txt
[0.730s] writing manifest file 'build/mypkg/mypkg.egg-info/SOURCES.txt'
[0.753s] reading manifest file 'build/mypkg/mypkg.egg-info/SOURCES.txt'
[0.753s] writing manifest file 'build/mypkg/mypkg.egg-info/SOURCES.txt'
[0.753s] running build
[0.754s] running build_py
[0.754s] creating /home/dragonet/ros2_ws/src/mypkg/build/mypkg/build
[0.754s] creating /home/dragonet/ros2_ws/src/mypkg/build/mypkg/build/lib
[0.754s] creating /home/dragonet/ros2_ws/src/mypkg/build/mypkg/build/lib/mypkg
[0.754s] copying mypkg/talker.py -> /home/dragonet/ros2_ws/src/mypkg/build/mypkg/build/lib/mypkg
[0.754s] copying mypkg/listener.py -> /home/dragonet/ros2_ws/src/mypkg/build/mypkg/build/lib/mypkg
[0.755s] copying mypkg/__init__.py -> /home/dragonet/ros2_ws/src/mypkg/build/mypkg/build/lib/mypkg
[0.755s] running install
[0.755s] running install_lib
[0.756s] creating /home/dragonet/ros2_ws/src/mypkg/install/mypkg/lib/python3.8/site-packages/mypkg
[0.756s] copying /home/dragonet/ros2_ws/src/mypkg/build/mypkg/build/lib/mypkg/talker.py -> /home/dragonet/ros2_ws/src/mypkg/install/mypkg/lib/python3.8/site-packages/mypkg
[0.756s] copying /home/dragonet/ros2_ws/src/mypkg/build/mypkg/build/lib/mypkg/listener.py -> /home/dragonet/ros2_ws/src/mypkg/install/mypkg/lib/python3.8/site-packages/mypkg
[0.757s] copying /home/dragonet/ros2_ws/src/mypkg/build/mypkg/build/lib/mypkg/__init__.py -> /home/dragonet/ros2_ws/src/mypkg/install/mypkg/lib/python3.8/site-packages/mypkg
[0.757s] byte-compiling /home/dragonet/ros2_ws/src/mypkg/install/mypkg/lib/python3.8/site-packages/mypkg/talker.py to talker.cpython-38.pyc
[0.757s] byte-compiling /home/dragonet/ros2_ws/src/mypkg/install/mypkg/lib/python3.8/site-packages/mypkg/listener.py to listener.cpython-38.pyc
[0.758s] byte-compiling /home/dragonet/ros2_ws/src/mypkg/install/mypkg/lib/python3.8/site-packages/mypkg/__init__.py to __init__.cpython-38.pyc
[0.758s] running install_data
[0.758s] creating /home/dragonet/ros2_ws/src/mypkg/install/mypkg/share/ament_index
[0.758s] creating /home/dragonet/ros2_ws/src/mypkg/install/mypkg/share/ament_index/resource_index
[0.758s] creating /home/dragonet/ros2_ws/src/mypkg/install/mypkg/share/ament_index/resource_index/packages
[0.758s] copying resource/mypkg -> /home/dragonet/ros2_ws/src/mypkg/install/mypkg/share/ament_index/resource_index/packages
[0.759s] copying package.xml -> /home/dragonet/ros2_ws/src/mypkg/install/mypkg/share/mypkg
[0.759s] copying launch/talk_listen.launch.py -> /home/dragonet/ros2_ws/src/mypkg/install/mypkg/share/mypkg
[0.759s] running install_egg_info
[0.760s] Copying build/mypkg/mypkg.egg-info to /home/dragonet/ros2_ws/src/mypkg/install/mypkg/lib/python3.8/site-packages/mypkg-0.0.0-py3.8.egg-info
[0.762s] running install_scripts
[0.772s] Installing listener script to /home/dragonet/ros2_ws/src/mypkg/install/mypkg/lib/mypkg
[0.773s] Installing talker script to /home/dragonet/ros2_ws/src/mypkg/install/mypkg/lib/mypkg
[0.773s] writing list of installed files to '/home/dragonet/ros2_ws/src/mypkg/build/mypkg/install.log'
[0.787s] Invoked command in '/home/dragonet/ros2_ws/src/mypkg' returned '0': PYTHONPATH=/home/dragonet/ros2_ws/src/mypkg/build/mypkg/prefix_override:/home/dragonet/ros2_ws/src/mypkg/install/mypkg/lib/python3.8/site-packages:${PYTHONPATH} /usr/bin/python3 setup.py egg_info --egg-base build/mypkg build --build-base /home/dragonet/ros2_ws/src/mypkg/build/mypkg/build install --record /home/dragonet/ros2_ws/src/mypkg/build/mypkg/install.log --install-scripts $base/lib/mypkg --single-version-externally-managed
